   2767 root      20   0    3840   1276   1164 S   0,0   0,0   0:00.00 ptp4l
   2768 tcpdump   20   0   16464   7996   6812 S   0,0   0,1   0:00.00 tcpdump
   2770 tcpdump   20   0   16464   7988   6800 S   0,0   0,1   0:00.00 tcpdump
   2767 root      20   0    3840   1276   1164 S   0,0   0,0   0:00.00 ptp4l
   2768 tcpdump   20   0   16464   7996   6812 S   0,0   0,1   0:00.00 tcpdump
   2770 tcpdump   20   0   16464   7988   6800 S   0,0   0,1   0:00.00 tcpdump
   2767 root      20   0    3840   1276   1164 S   0,0   0,0   0:00.00 ptp4l
   2768 tcpdump   20   0   16464   7996   6812 S   0,0   0,1   0:00.00 tcpdump
   2770 tcpdump   20   0   16464   7988   6800 S   0,0   0,1   0:00.00 tcpdump
   2767 root      20   0    3840   1276   1164 S   0,0   0,0   0:00.00 ptp4l
   2768 tcpdump   20   0   16464   7996   6812 S   0,0   0,1   0:00.00 tcpdump
   2770 tcpdump   20   0   16464   7988   6800 S   0,0   0,1   0:00.00 tcpdump
   2767 root      20   0    3840   1276   1164 S   0,0   0,0   0:00.00 ptp4l
   2768 tcpdump   20   0   16464   7996   6812 S   0,0   0,1   0:00.00 tcpdump
   2770 tcpdump   20   0   16464   7988   6800 S   0,0   0,1   0:00.00 tcpdump
   2767 root      20   0    3840   1276   1164 S   0,0   0,0   0:00.00 ptp4l
   2768 tcpdump   20   0   16464   7996   6812 S   0,0   0,1   0:00.00 tcpdump
   2770 tcpdump   20   0   16464   7988   6800 S   0,0   0,1   0:00.00 tcpdump
   2767 root      20   0    3840   1276   1164 S   0,0   0,0   0:00.00 ptp4l
   2768 tcpdump   20   0   16464   7996   6812 S   0,0   0,1   0:00.00 tcpdump
   2770 tcpdump   20   0   16464   7988   6800 S   0,0   0,1   0:00.00 tcpdump
   2767 root      20   0    3840   1276   1164 S   0,0   0,0   0:00.00 ptp4l
   2768 tcpdump   20   0   16464   7996   6812 S   0,0   0,1   0:00.00 tcpdump
   2770 tcpdump   20   0   16464   7988   6800 S   0,0   0,1   0:00.00 tcpdump
   2767 root      20   0    3840   1276   1164 S   0,0   0,0   0:00.00 ptp4l
   2768 tcpdump   20   0   16464   7996   6812 S   0,0   0,1   0:00.00 tcpdump
   2770 tcpdump   20   0   16464   7988   6800 S   0,0   0,1   0:00.00 tcpdump
   2767 root      20   0    3840   1276   1164 S   0,0   0,0   0:00.00 ptp4l
   2768 tcpdump   20   0   16464   7996   6812 S   0,0   0,1   0:00.00 tcpdump
   2770 tcpdump   20   0   16464   7988   6800 S   0,0   0,1   0:00.00 tcpdump
   2767 root      20   0    3840   1276   1164 S   0,0   0,0   0:00.00 ptp4l
   2768 tcpdump   20   0   16464   7996   6812 S   0,0   0,1   0:00.00 tcpdump
   2770 tcpdump   20   0   16464   7988   6800 S   0,0   0,1   0:00.00 tcpdump
   2767 root      20   0    3840   1276   1164 S   0,0   0,0   0:00.00 ptp4l
   2768 tcpdump   20   0   16464   7996   6812 S   0,0   0,1   0:00.00 tcpdump
   2770 tcpdump   20   0   16464   7988   6800 S   0,0   0,1   0:00.00 tcpdump
   2767 root      20   0    3840   1276   1164 S   0,0   0,0   0:00.00 ptp4l
   2768 tcpdump   20   0   16464   7996   6812 S   0,0   0,1   0:00.00 tcpdump
   2770 tcpdump   20   0   16464   7988   6800 S   0,0   0,1   0:00.00 tcpdump
   2767 root      20   0    3840   1276   1164 S   0,0   0,0   0:00.00 ptp4l
   2768 tcpdump   20   0   16464   7996   6812 S   0,0   0,1   0:00.00 tcpdump
   2770 tcpdump   20   0   16464   7988   6800 S   0,0   0,1   0:00.00 tcpdump
   2767 root      20   0    3840   1276   1164 S   0,0   0,0   0:00.00 ptp4l
   2768 tcpdump   20   0   16464   7996   6812 S   0,0   0,1   0:00.00 tcpdump
   2770 tcpdump   20   0   16464   7988   6800 S   0,0   0,1   0:00.00 tcpdump
   2767 root      20   0    3840   1276   1164 S   0,0   0,0   0:00.00 ptp4l
   2768 tcpdump   20   0   16464   7996   6812 S   0,0   0,1   0:00.00 tcpdump
   2770 tcpdump   20   0   16464   7988   6800 S   0,0   0,1   0:00.00 tcpdump
   2767 root      20   0    3840   1276   1164 S   0,0   0,0   0:00.00 ptp4l
   2768 tcpdump   20   0   16464   7996   6812 S   0,0   0,1   0:00.00 tcpdump
   2770 tcpdump   20   0   16464   7988   6800 S   0,0   0,1   0:00.00 tcpdump
   2767 root      20   0    3840   1276   1164 S   0,0   0,0   0:00.00 ptp4l
   2768 tcpdump   20   0   16464   7996   6812 S   0,0   0,1   0:00.00 tcpdump
   2770 tcpdump   20   0   16464   7988   6800 S   0,0   0,1   0:00.00 tcpdump
   2767 root      20   0    3840   1276   1164 S   0,0   0,0   0:00.00 ptp4l
   2768 tcpdump   20   0   16464   7996   6812 S   0,0   0,1   0:00.00 tcpdump
   2770 tcpdump   20   0   16464   7988   6800 S   0,0   0,1   0:00.00 tcpdump
   2767 root      20   0    3840   1276   1164 S   0,0   0,0   0:00.00 ptp4l
   2768 tcpdump   20   0   16464   7996   6812 S   0,0   0,1   0:00.00 tcpdump
   2770 tcpdump   20   0   16464   7988   6800 S   0,0   0,1   0:00.00 tcpdump
   2767 root      20   0    3840   1276   1164 S   0,0   0,0   0:00.00 ptp4l
   2768 tcpdump   20   0   16464   7996   6812 S   0,0   0,1   0:00.00 tcpdump
   2770 tcpdump   20   0   16464   7988   6800 S   0,0   0,1   0:00.00 tcpdump
   2767 root      20   0    3840   1276   1164 S   0,0   0,0   0:00.00 ptp4l
   2768 tcpdump   20   0   16464   7996   6812 S   0,0   0,1   0:00.00 tcpdump
   2770 tcpdump   20   0   16464   7988   6800 S   0,0   0,1   0:00.00 tcpdump
   2767 root      20   0    3840   1276   1164 S   0,0   0,0   0:00.00 ptp4l
   2768 tcpdump   20   0   16464   7996   6812 S   0,0   0,1   0:00.00 tcpdump
   2770 tcpdump   20   0   16464   7988   6800 S   0,0   0,1   0:00.00 tcpdump
   2767 root      20   0    3840   1276   1164 S   0,0   0,0   0:00.00 ptp4l
   2768 tcpdump   20   0   16464   7996   6812 S   0,0   0,1   0:00.00 tcpdump
   2770 tcpdump   20   0   16464   7988   6800 S   0,0   0,1   0:00.00 tcpdump
   2767 root      20   0    3840   1276   1164 S   1,0   0,0   0:00.01 ptp4l
   2768 tcpdump   20   0   16464   7996   6812 S   0,0   0,1   0:00.00 tcpdump
   2770 tcpdump   20   0   16464   7988   6800 S   0,0   0,1   0:00.00 tcpdump
   2767 root      20   0    3840   1276   1164 S   0,0   0,0   0:00.01 ptp4l
   2768 tcpdump   20   0   16464   7996   6812 S   0,0   0,1   0:00.00 tcpdump
   2770 tcpdump   20   0   16464   7988   6800 S   0,0   0,1   0:00.00 tcpdump
   2767 root      20   0    3840   1276   1164 S   0,0   0,0   0:00.01 ptp4l
   2768 tcpdump   20   0   16464   7996   6812 S   0,0   0,1   0:00.00 tcpdump
   2770 tcpdump   20   0   16464   7988   6800 S   0,0   0,1   0:00.00 tcpdump
   2767 root      20   0    3840   1276   1164 S   0,0   0,0   0:00.01 ptp4l
   2768 tcpdump   20   0   16464   7996   6812 S   0,0   0,1   0:00.00 tcpdump
   2770 tcpdump   20   0   16464   7988   6800 S   0,0   0,1   0:00.00 tcpdump
   2767 root      20   0    3840   1276   1164 S   0,0   0,0   0:00.01 ptp4l
   2768 tcpdump   20   0   16464   7996   6812 S   0,0   0,1   0:00.00 tcpdump
   2770 tcpdump   20   0   16464   7988   6800 S   0,0   0,1   0:00.00 tcpdump
   2767 root      20   0    3840   1276   1164 S   0,0   0,0   0:00.01 ptp4l
   2768 tcpdump   20   0   16464   7996   6812 S   0,0   0,1   0:00.00 tcpdump
   2770 tcpdump   20   0   16464   7988   6800 S   0,0   0,1   0:00.00 tcpdump
   2767 root      20   0    3840   1276   1164 S   0,0   0,0   0:00.01 ptp4l
   2768 tcpdump   20   0   16464   7996   6812 S   0,0   0,1   0:00.00 tcpdump
   2770 tcpdump   20   0   16464   7988   6800 S   0,0   0,1   0:00.00 tcpdump
   2767 root      20   0    3840   1276   1164 S   0,0   0,0   0:00.01 ptp4l
   2768 tcpdump   20   0   16464   7996   6812 S   0,0   0,1   0:00.00 tcpdump
   2770 tcpdump   20   0   16464   7988   6800 S   0,0   0,1   0:00.00 tcpdump
   2767 root      20   0    3840   1276   1164 S   0,0   0,0   0:00.01 ptp4l
   2768 tcpdump   20   0   16464   7996   6812 S   0,0   0,1   0:00.00 tcpdump
   2770 tcpdump   20   0   16464   7988   6800 S   0,0   0,1   0:00.00 tcpdump
   2767 root      20   0    3840   1276   1164 S   0,0   0,0   0:00.01 ptp4l
   2768 tcpdump   20   0   16464   7996   6812 S   0,0   0,1   0:00.00 tcpdump
   2770 tcpdump   20   0   16464   7988   6800 S   0,0   0,1   0:00.00 tcpdump
   2767 root      20   0    3840   1276   1164 S   0,0   0,0   0:00.01 ptp4l
   2768 tcpdump   20   0   16464   7996   6812 S   0,0   0,1   0:00.00 tcpdump
   2770 tcpdump   20   0   16464   7988   6800 S   0,0   0,1   0:00.00 tcpdump
   2767 root      20   0    3840   1276   1164 S   0,0   0,0   0:00.01 ptp4l
   2768 tcpdump   20   0   16464   7996   6812 S   0,0   0,1   0:00.00 tcpdump
   2770 tcpdump   20   0   16464   7988   6800 S   0,0   0,1   0:00.00 tcpdump
   2767 root      20   0    3840   1276   1164 S   0,0   0,0   0:00.01 ptp4l
   2768 tcpdump   20   0   16464   7996   6812 S   0,0   0,1   0:00.00 tcpdump
   2770 tcpdump   20   0   16464   7988   6800 S   0,0   0,1   0:00.00 tcpdump
   2767 root      20   0    3840   1276   1164 S   0,0   0,0   0:00.01 ptp4l
   2768 tcpdump   20   0   16464   7996   6812 S   0,0   0,1   0:00.00 tcpdump
   2770 tcpdump   20   0   16464   7988   6800 S   0,0   0,1   0:00.00 tcpdump
   2767 root      20   0    3840   1276   1164 S   0,0   0,0   0:00.01 ptp4l
   2768 tcpdump   20   0   16464   7996   6812 S   0,0   0,1   0:00.00 tcpdump
   2770 tcpdump   20   0   16464   7988   6800 S   0,0   0,1   0:00.00 tcpdump
   2767 root      20   0    3840   1276   1164 S   0,0   0,0   0:00.01 ptp4l
   2768 tcpdump   20   0   16464   7996   6812 S   0,0   0,1   0:00.00 tcpdump
   2770 tcpdump   20   0   16464   7988   6800 S   0,0   0,1   0:00.00 tcpdump
   2767 root      20   0    3840   1276   1164 S   0,0   0,0   0:00.01 ptp4l
   2768 tcpdump   20   0   16464   7996   6812 S   0,0   0,1   0:00.00 tcpdump
   2770 tcpdump   20   0   16464   7988   6800 S   0,0   0,1   0:00.00 tcpdump
   2767 root      20   0    3840   1276   1164 S   0,0   0,0   0:00.01 ptp4l
   2768 tcpdump   20   0   16464   7996   6812 S   0,0   0,1   0:00.00 tcpdump
   2770 tcpdump   20   0   16464   7988   6800 S   0,0   0,1   0:00.00 tcpdump
   2767 root      20   0    3840   1276   1164 S   0,0   0,0   0:00.01 ptp4l
   2768 tcpdump   20   0   16464   7996   6812 S   0,0   0,1   0:00.00 tcpdump
   2770 tcpdump   20   0   16464   7988   6800 S   0,0   0,1   0:00.00 tcpdump
   2767 root      20   0    3840   1276   1164 S   1,0   0,0   0:00.02 ptp4l
   2768 tcpdump   20   0   16464   7996   6812 S   0,0   0,1   0:00.00 tcpdump
   2770 tcpdump   20   0   16464   7988   6800 S   0,0   0,1   0:00.00 tcpdump
   2767 root      20   0    3840   1276   1164 S   0,0   0,0   0:00.02 ptp4l
   2768 tcpdump   20   0   16464   7996   6812 S   0,0   0,1   0:00.00 tcpdump
   2770 tcpdump   20   0   16464   7988   6800 S   0,0   0,1   0:00.00 tcpdump
   2767 root      20   0    3840   1276   1164 S   0,0   0,0   0:00.02 ptp4l
   2768 tcpdump   20   0   16464   7996   6812 S   0,0   0,1   0:00.00 tcpdump
   2770 tcpdump   20   0   16464   7988   6800 S   0,0   0,1   0:00.00 tcpdump
   2767 root      20   0    3840   1276   1164 S   0,0   0,0   0:00.02 ptp4l
   2768 tcpdump   20   0   16464   7996   6812 S   0,0   0,1   0:00.00 tcpdump
   2770 tcpdump   20   0   16464   7988   6800 S   0,0   0,1   0:00.00 tcpdump
   2767 root      20   0    3840   1276   1164 S   0,0   0,0   0:00.02 ptp4l
   2768 tcpdump   20   0   16464   7996   6812 S   0,0   0,1   0:00.00 tcpdump
   2770 tcpdump   20   0   16464   7988   6800 S   0,0   0,1   0:00.00 tcpdump
   2767 root      20   0    3840   1276   1164 S   0,0   0,0   0:00.02 ptp4l
   2768 tcpdump   20   0   16464   7996   6812 S   0,0   0,1   0:00.00 tcpdump
   2770 tcpdump   20   0   16464   7988   6800 S   0,0   0,1   0:00.00 tcpdump
   2767 root      20   0    3840   1276   1164 S   0,0   0,0   0:00.02 ptp4l
   2768 tcpdump   20   0   16464   7996   6812 S   0,0   0,1   0:00.00 tcpdump
   2770 tcpdump   20   0   16464   7988   6800 S   0,0   0,1   0:00.00 tcpdump
   2767 root      20   0    3840   1276   1164 S   0,0   0,0   0:00.02 ptp4l
   2768 tcpdump   20   0   16464   7996   6812 S   0,0   0,1   0:00.00 tcpdump
   2770 tcpdump   20   0   16464   7988   6800 S   0,0   0,1   0:00.00 tcpdump
   2767 root      20   0    3840   1276   1164 S   0,0   0,0   0:00.02 ptp4l
   2768 tcpdump   20   0   16464   7996   6812 S   0,0   0,1   0:00.00 tcpdump
   2770 tcpdump   20   0   16464   7988   6800 S   0,0   0,1   0:00.00 tcpdump
   2767 root      20   0    3840   1276   1164 S   0,0   0,0   0:00.02 ptp4l
   2768 tcpdump   20   0   16464   7996   6812 S   0,0   0,1   0:00.00 tcpdump
   2770 tcpdump   20   0   16464   7988   6800 S   0,0   0,1   0:00.00 tcpdump
   2767 root      20   0    3840   1276   1164 S   0,0   0,0   0:00.02 ptp4l
   2768 tcpdump   20   0   16464   7996   6812 S   0,0   0,1   0:00.00 tcpdump
   2770 tcpdump   20   0   16464   7988   6800 S   0,0   0,1   0:00.00 tcpdump
   2767 root      20   0    3840   1276   1164 S   0,0   0,0   0:00.02 ptp4l
   2768 tcpdump   20   0   16464   7996   6812 S   0,0   0,1   0:00.00 tcpdump
   2770 tcpdump   20   0   16464   7988   6800 S   0,0   0,1   0:00.00 tcpdump
   2770 tcpdump   20   0   16464   7988   6800 S   1,0   0,1   0:00.01 tcpdump
   2767 root      20   0    3840   1276   1164 S   0,0   0,0   0:00.02 ptp4l
   2768 tcpdump   20   0   16464   7996   6812 S   0,0   0,1   0:00.00 tcpdump
   2767 root      20   0    3840   1276   1164 S   0,0   0,0   0:00.02 ptp4l
   2768 tcpdump   20   0   16464   7996   6812 S   0,0   0,1   0:00.00 tcpdump
   2770 tcpdump   20   0   16464   7988   6800 S   0,0   0,1   0:00.01 tcpdump
   2767 root      20   0    3840   1276   1164 S   0,0   0,0   0:00.02 ptp4l
   2768 tcpdump   20   0   16464   7996   6812 S   0,0   0,1   0:00.00 tcpdump
   2770 tcpdump   20   0   16464   7988   6800 S   0,0   0,1   0:00.01 tcpdump
   2767 root      20   0    3840   1276   1164 S   0,0   0,0   0:00.02 ptp4l
   2768 tcpdump   20   0   16464   7996   6812 S   0,0   0,1   0:00.00 tcpdump
   2770 tcpdump   20   0   16464   7988   6800 S   0,0   0,1   0:00.01 tcpdump
   2767 root      20   0    3840   1276   1164 S   0,0   0,0   0:00.02 ptp4l
   2768 tcpdump   20   0   16464   7996   6812 S   0,0   0,1   0:00.00 tcpdump
   2770 tcpdump   20   0   16464   7988   6800 S   0,0   0,1   0:00.01 tcpdump
   2767 root      20   0    3840   1276   1164 S   1,0   0,0   0:00.03 ptp4l
   2768 tcpdump   20   0   16464   7996   6812 S   0,0   0,1   0:00.00 tcpdump
   2770 tcpdump   20   0   16464   7988   6800 S   0,0   0,1   0:00.01 tcpdump
   2767 root      20   0    3840   1276   1164 S   0,0   0,0   0:00.03 ptp4l
   2768 tcpdump   20   0   16464   7996   6812 S   0,0   0,1   0:00.00 tcpdump
   2770 tcpdump   20   0   16464   7988   6800 S   0,0   0,1   0:00.01 tcpdump
   2767 root      20   0    3840   1276   1164 S   0,0   0,0   0:00.03 ptp4l
   2768 tcpdump   20   0   16464   7996   6812 S   0,0   0,1   0:00.00 tcpdump
   2770 tcpdump   20   0   16464   7988   6800 S   0,0   0,1   0:00.01 tcpdump
   2767 root      20   0    3840   1276   1164 S   0,0   0,0   0:00.03 ptp4l
   2768 tcpdump   20   0   16464   7996   6812 S   0,0   0,1   0:00.00 tcpdump
   2770 tcpdump   20   0   16464   7988   6800 S   0,0   0,1   0:00.01 tcpdump
   2767 root      20   0    3840   1276   1164 S   0,0   0,0   0:00.03 ptp4l
   2768 tcpdump   20   0   16464   7996   6812 S   0,0   0,1   0:00.00 tcpdump
   2770 tcpdump   20   0   16464   7988   6800 S   0,0   0,1   0:00.01 tcpdump
   2767 root      20   0    3840   1276   1164 S   0,0   0,0   0:00.03 ptp4l
   2768 tcpdump   20   0   16464   7996   6812 S   0,0   0,1   0:00.00 tcpdump
   2770 tcpdump   20   0   16464   7988   6800 S   0,0   0,1   0:00.01 tcpdump
   2770 tcpdump   20   0   16464   7988   6800 S   1,0   0,1   0:00.02 tcpdump
   2767 root      20   0    3840   1276   1164 S   0,0   0,0   0:00.03 ptp4l
   2768 tcpdump   20   0   16464   7996   6812 S   0,0   0,1   0:00.00 tcpdump
   2767 root      20   0    3840   1276   1164 S   0,0   0,0   0:00.03 ptp4l
   2768 tcpdump   20   0   16464   7996   6812 S   0,0   0,1   0:00.00 tcpdump
   2770 tcpdump   20   0   16464   7988   6800 S   0,0   0,1   0:00.02 tcpdump
   2767 root      20   0    3840   1276   1164 S   0,0   0,0   0:00.03 ptp4l
   2768 tcpdump   20   0   16464   7996   6812 S   0,0   0,1   0:00.00 tcpdump
   2770 tcpdump   20   0   16464   7988   6800 S   0,0   0,1   0:00.02 tcpdump
   2767 root      20   0    3840   1276   1164 S   0,0   0,0   0:00.03 ptp4l
   2768 tcpdump   20   0   16464   7996   6812 S   0,0   0,1   0:00.00 tcpdump
   2770 tcpdump   20   0   16464   7988   6800 S   0,0   0,1   0:00.02 tcpdump
   2767 root      20   0    3840   1276   1164 S   0,0   0,0   0:00.03 ptp4l
   2768 tcpdump   20   0   16464   7996   6812 S   0,0   0,1   0:00.00 tcpdump
   2770 tcpdump   20   0   16464   7988   6800 S   0,0   0,1   0:00.02 tcpdump
   2767 root      20   0    3840   1276   1164 S   0,0   0,0   0:00.03 ptp4l
   2768 tcpdump   20   0   16464   7996   6812 S   0,0   0,1   0:00.00 tcpdump
   2770 tcpdump   20   0   16464   7988   6800 S   0,0   0,1   0:00.02 tcpdump
   2767 root      20   0    3840   1276   1164 S   0,0   0,0   0:00.03 ptp4l
   2768 tcpdump   20   0   16464   7996   6812 S   0,0   0,1   0:00.00 tcpdump
   2770 tcpdump   20   0   16464   7988   6800 S   0,0   0,1   0:00.02 tcpdump
   2767 root      20   0    3840   1276   1164 S   0,0   0,0   0:00.03 ptp4l
   2768 tcpdump   20   0   16464   7996   6812 S   0,0   0,1   0:00.00 tcpdump
   2770 tcpdump   20   0   16464   7988   6800 S   0,0   0,1   0:00.02 tcpdump
   2767 root      20   0    3840   1276   1164 S   0,0   0,0   0:00.03 ptp4l
   2768 tcpdump   20   0   16464   7996   6812 S   0,0   0,1   0:00.00 tcpdump
   2770 tcpdump   20   0   16464   7988   6800 S   0,0   0,1   0:00.02 tcpdump
   2770 tcpdump   20   0   16464   7988   6800 S   1,0   0,1   0:00.03 tcpdump
   2767 root      20   0    3840   1276   1164 S   0,0   0,0   0:00.03 ptp4l
   2768 tcpdump   20   0   16464   7996   6812 S   0,0   0,1   0:00.00 tcpdump
   2767 root      20   0    3840   1276   1164 S   0,0   0,0   0:00.03 ptp4l
   2768 tcpdump   20   0   16464   7996   6812 S   0,0   0,1   0:00.00 tcpdump
   2770 tcpdump   20   0   16464   7988   6800 S   0,0   0,1   0:00.03 tcpdump
   2767 root      20   0    3840   1276   1164 S   1,0   0,0   0:00.04 ptp4l
   2768 tcpdump   20   0   16464   7996   6812 S   0,0   0,1   0:00.00 tcpdump
   2770 tcpdump   20   0   16464   7988   6800 S   0,0   0,1   0:00.03 tcpdump
   2767 root      20   0    3840   1276   1164 S   0,0   0,0   0:00.04 ptp4l
   2768 tcpdump   20   0   16464   7996   6812 S   0,0   0,1   0:00.00 tcpdump
   2770 tcpdump   20   0   16464   7988   6800 S   0,0   0,1   0:00.03 tcpdump
   2767 root      20   0    3840   1276   1164 S   0,0   0,0   0:00.04 ptp4l
   2768 tcpdump   20   0   16464   7996   6812 S   0,0   0,1   0:00.00 tcpdump
   2770 tcpdump   20   0   16464   7988   6800 S   0,0   0,1   0:00.03 tcpdump
   2767 root      20   0    3840   1276   1164 S   0,0   0,0   0:00.04 ptp4l
   2768 tcpdump   20   0   16464   7996   6812 S   0,0   0,1   0:00.00 tcpdump
   2770 tcpdump   20   0   16464   7988   6800 S   0,0   0,1   0:00.03 tcpdump
   2767 root      20   0    3840   1276   1164 S   0,0   0,0   0:00.04 ptp4l
   2768 tcpdump   20   0   16464   7996   6812 S   0,0   0,1   0:00.00 tcpdump
   2770 tcpdump   20   0   16464   7988   6800 S   0,0   0,1   0:00.03 tcpdump
   2768 tcpdump   20   0   16464   7996   6812 S   1,0   0,1   0:00.01 tcpdump
   2767 root      20   0    3840   1276   1164 S   0,0   0,0   0:00.04 ptp4l
   2770 tcpdump   20   0   16464   7988   6800 S   0,0   0,1   0:00.03 tcpdump
   2767 root      20   0    3840   1276   1164 S   0,0   0,0   0:00.04 ptp4l
   2768 tcpdump   20   0   16464   7996   6812 S   0,0   0,1   0:00.01 tcpdump
   2770 tcpdump   20   0   16464   7988   6800 S   0,0   0,1   0:00.03 tcpdump
   2767 root      20   0    3840   1276   1164 S   0,0   0,0   0:00.04 ptp4l
   2768 tcpdump   20   0   16464   7996   6812 S   0,0   0,1   0:00.01 tcpdump
   2770 tcpdump   20   0   16464   7988   6800 S   0,0   0,1   0:00.03 tcpdump
   2770 tcpdump   20   0   16464   7988   6800 S   1,0   0,1   0:00.04 tcpdump
   2767 root      20   0    3840   1276   1164 S   0,0   0,0   0:00.04 ptp4l
   2768 tcpdump   20   0   16464   7996   6812 S   0,0   0,1   0:00.01 tcpdump
   2767 root      20   0    3840   1276   1164 S   0,0   0,0   0:00.04 ptp4l
   2768 tcpdump   20   0   16464   7996   6812 S   0,0   0,1   0:00.01 tcpdump
   2770 tcpdump   20   0   16464   7988   6800 S   0,0   0,1   0:00.04 tcpdump
   2767 root      20   0    3840   1276   1164 S   0,0   0,0   0:00.04 ptp4l
   2768 tcpdump   20   0   16464   7996   6812 S   0,0   0,1   0:00.01 tcpdump
   2770 tcpdump   20   0   16464   7988   6800 S   0,0   0,1   0:00.04 tcpdump
   2767 root      20   0    3840   1276   1164 S   0,0   0,0   0:00.04 ptp4l
   2768 tcpdump   20   0   16464   7996   6812 S   0,0   0,1   0:00.01 tcpdump
   2770 tcpdump   20   0   16464   7988   6800 S   0,0   0,1   0:00.04 tcpdump
   2767 root      20   0    3840   1276   1164 S   0,0   0,0   0:00.04 ptp4l
   2768 tcpdump   20   0   16464   7996   6812 S   0,0   0,1   0:00.01 tcpdump
   2770 tcpdump   20   0   16464   7988   6800 S   0,0   0,1   0:00.04 tcpdump
   2767 root      20   0    3840   1276   1164 S   0,0   0,0   0:00.04 ptp4l
   2768 tcpdump   20   0   16464   7996   6812 S   0,0   0,1   0:00.01 tcpdump
   2770 tcpdump   20   0   16464   7988   6800 S   0,0   0,1   0:00.04 tcpdump
   2767 root      20   0    3840   1276   1164 S   0,0   0,0   0:00.04 ptp4l
   2768 tcpdump   20   0   16464   7996   6812 S   0,0   0,1   0:00.01 tcpdump
   2770 tcpdump   20   0   16464   7988   6800 S   0,0   0,1   0:00.04 tcpdump
   2767 root      20   0    3840   1276   1164 S   0,0   0,0   0:00.04 ptp4l
   2768 tcpdump   20   0   16464   7996   6812 S   0,0   0,1   0:00.01 tcpdump
   2770 tcpdump   20   0   16464   7988   6800 S   0,0   0,1   0:00.04 tcpdump
   2767 root      20   0    3840   1276   1164 S   0,0   0,0   0:00.04 ptp4l
   2768 tcpdump   20   0   16464   7996   6812 S   0,0   0,1   0:00.01 tcpdump
   2770 tcpdump   20   0   16464   7988   6800 S   0,0   0,1   0:00.04 tcpdump
   2767 root      20   0    3840   1276   1164 S   0,0   0,0   0:00.04 ptp4l
   2768 tcpdump   20   0   16464   7996   6812 S   0,0   0,1   0:00.01 tcpdump
   2770 tcpdump   20   0   16464   7988   6800 S   0,0   0,1   0:00.04 tcpdump
   2770 tcpdump   20   0   16464   7988   6800 S   1,0   0,1   0:00.05 tcpdump
   2767 root      20   0    3840   1276   1164 S   0,0   0,0   0:00.04 ptp4l
   2768 tcpdump   20   0   16464   7996   6812 S   0,0   0,1   0:00.01 tcpdump
   2767 root      20   0    3840   1276   1164 S   0,0   0,0   0:00.04 ptp4l
   2768 tcpdump   20   0   16464   7996   6812 S   0,0   0,1   0:00.01 tcpdump
   2770 tcpdump   20   0   16464   7988   6800 S   0,0   0,1   0:00.05 tcpdump
   2767 root      20   0    3840   1276   1164 S   0,0   0,0   0:00.04 ptp4l
   2768 tcpdump   20   0   16464   7996   6812 S   0,0   0,1   0:00.01 tcpdump
   2770 tcpdump   20   0   16464   7988   6800 S   0,0   0,1   0:00.05 tcpdump
   2767 root      20   0    3840   1276   1164 S   0,0   0,0   0:00.04 ptp4l
   2768 tcpdump   20   0   16464   7996   6812 S   0,0   0,1   0:00.01 tcpdump
   2770 tcpdump   20   0   16464   7988   6800 S   0,0   0,1   0:00.05 tcpdump
   2767 root      20   0    3840   1276   1164 S   0,0   0,0   0:00.04 ptp4l
   2768 tcpdump   20   0   16464   7996   6812 S   0,0   0,1   0:00.01 tcpdump
   2770 tcpdump   20   0   16464   7988   6800 S   0,0   0,1   0:00.05 tcpdump
   2767 root      20   0    3840   1276   1164 S   0,0   0,0   0:00.04 ptp4l
   2768 tcpdump   20   0   16464   7996   6812 S   0,0   0,1   0:00.01 tcpdump
   2770 tcpdump   20   0   16464   7988   6800 S   0,0   0,1   0:00.05 tcpdump
   2767 root      20   0    3840   1276   1164 S   0,0   0,0   0:00.04 ptp4l
   2768 tcpdump   20   0   16464   7996   6812 S   0,0   0,1   0:00.01 tcpdump
   2770 tcpdump   20   0   16464   7988   6800 S   0,0   0,1   0:00.05 tcpdump
   2767 root      20   0    3840   1276   1164 S   0,0   0,0   0:00.04 ptp4l
   2768 tcpdump   20   0   16464   7996   6812 S   0,0   0,1   0:00.01 tcpdump
   2770 tcpdump   20   0   16464   7988   6800 S   0,0   0,1   0:00.05 tcpdump
   2767 root      20   0    3840   1276   1164 S   1,0   0,0   0:00.05 ptp4l
   2768 tcpdump   20   0   16464   7996   6812 S   0,0   0,1   0:00.01 tcpdump
   2770 tcpdump   20   0   16464   7988   6800 S   0,0   0,1   0:00.05 tcpdump
   2767 root      20   0    3840   1276   1164 S   0,0   0,0   0:00.05 ptp4l
   2768 tcpdump   20   0   16464   7996   6812 S   0,0   0,1   0:00.01 tcpdump
   2770 tcpdump   20   0   16464   7988   6800 S   0,0   0,1   0:00.05 tcpdump
   2770 tcpdump   20   0   16464   7988   6800 S   1,0   0,1   0:00.06 tcpdump
   2767 root      20   0    3840   1276   1164 S   0,0   0,0   0:00.05 ptp4l
   2768 tcpdump   20   0   16464   7996   6812 S   0,0   0,1   0:00.01 tcpdump
   2767 root      20   0    3840   1276   1164 S   0,0   0,0   0:00.05 ptp4l
   2768 tcpdump   20   0   16464   7996   6812 S   0,0   0,1   0:00.01 tcpdump
   2770 tcpdump   20   0   16464   7988   6800 S   0,0   0,1   0:00.06 tcpdump
   2767 root      20   0    3840   1276   1164 S   0,0   0,0   0:00.05 ptp4l
   2768 tcpdump   20   0   16464   7996   6812 S   0,0   0,1   0:00.01 tcpdump
   2770 tcpdump   20   0   16464   7988   6800 S   0,0   0,1   0:00.06 tcpdump
   2767 root      20   0    3840   1276   1164 S   0,0   0,0   0:00.05 ptp4l
   2768 tcpdump   20   0   16464   7996   6812 S   0,0   0,1   0:00.01 tcpdump
   2770 tcpdump   20   0   16464   7988   6800 S   0,0   0,1   0:00.06 tcpdump
