top - 18:04:44 up 21 min,  4 users,  load average: 0,32, 0,24, 0,27
top - 18:04:45 up 21 min,  5 users,  load average: 0,29, 0,24, 0,27
top - 18:04:46 up 21 min,  5 users,  load average: 0,29, 0,24, 0,27
top - 18:04:47 up 21 min,  5 users,  load average: 0,29, 0,24, 0,27
top - 18:04:48 up 21 min,  5 users,  load average: 0,29, 0,24, 0,27
top - 18:04:49 up 21 min,  5 users,  load average: 0,27, 0,23, 0,26
top - 18:04:50 up 21 min,  5 users,  load average: 0,27, 0,23, 0,26
top - 18:04:51 up 21 min,  5 users,  load average: 0,27, 0,23, 0,26
top - 18:04:52 up 21 min,  5 users,  load average: 0,27, 0,23, 0,26
top - 18:04:53 up 21 min,  5 users,  load average: 0,27, 0,23, 0,26
top - 18:04:54 up 21 min,  5 users,  load average: 0,25, 0,23, 0,26
top - 18:04:55 up 21 min,  5 users,  load average: 0,25, 0,23, 0,26
top - 18:04:56 up 21 min,  5 users,  load average: 0,25, 0,23, 0,26
top - 18:04:57 up 21 min,  5 users,  load average: 0,25, 0,23, 0,26
top - 18:04:59 up 21 min,  5 users,  load average: 0,25, 0,23, 0,26
top - 18:05:00 up 21 min,  5 users,  load average: 0,23, 0,22, 0,26
top - 18:05:01 up 21 min,  5 users,  load average: 0,23, 0,22, 0,26
top - 18:05:02 up 21 min,  5 users,  load average: 0,23, 0,22, 0,26
top - 18:05:03 up 21 min,  5 users,  load average: 0,23, 0,22, 0,26
top - 18:05:04 up 21 min,  5 users,  load average: 0,23, 0,22, 0,26
top - 18:05:05 up 21 min,  5 users,  load average: 0,29, 0,24, 0,27
top - 18:05:06 up 21 min,  5 users,  load average: 0,29, 0,24, 0,27
top - 18:05:07 up 21 min,  5 users,  load average: 0,29, 0,24, 0,27
top - 18:05:08 up 21 min,  5 users,  load average: 0,29, 0,24, 0,27
top - 18:05:09 up 22 min,  5 users,  load average: 0,29, 0,24, 0,27
top - 18:05:10 up 22 min,  5 users,  load average: 0,27, 0,23, 0,26
top - 18:05:11 up 22 min,  5 users,  load average: 0,27, 0,23, 0,26
top - 18:05:12 up 22 min,  5 users,  load average: 0,27, 0,23, 0,26
top - 18:05:13 up 22 min,  5 users,  load average: 0,27, 0,23, 0,26
top - 18:05:14 up 22 min,  5 users,  load average: 0,27, 0,23, 0,26
top - 18:05:15 up 22 min,  5 users,  load average: 0,24, 0,23, 0,26
top - 18:05:16 up 22 min,  5 users,  load average: 0,24, 0,23, 0,26
top - 18:05:17 up 22 min,  5 users,  load average: 0,24, 0,23, 0,26
top - 18:05:18 up 22 min,  5 users,  load average: 0,24, 0,23, 0,26
top - 18:05:19 up 22 min,  5 users,  load average: 0,24, 0,23, 0,26
top - 18:05:20 up 22 min,  5 users,  load average: 0,22, 0,22, 0,26
top - 18:05:21 up 22 min,  5 users,  load average: 0,22, 0,22, 0,26
top - 18:05:22 up 22 min,  5 users,  load average: 0,22, 0,22, 0,26
top - 18:05:23 up 22 min,  5 users,  load average: 0,22, 0,22, 0,26
top - 18:05:24 up 22 min,  5 users,  load average: 0,22, 0,22, 0,26
top - 18:05:25 up 22 min,  5 users,  load average: 0,21, 0,22, 0,26
top - 18:05:26 up 22 min,  5 users,  load average: 0,21, 0,22, 0,26
top - 18:05:27 up 22 min,  5 users,  load average: 0,21, 0,22, 0,26
top - 18:05:28 up 22 min,  5 users,  load average: 0,21, 0,22, 0,26
top - 18:05:29 up 22 min,  5 users,  load average: 0,21, 0,22, 0,26
top - 18:05:30 up 22 min,  5 users,  load average: 0,19, 0,22, 0,26
top - 18:05:31 up 22 min,  5 users,  load average: 0,19, 0,22, 0,26
top - 18:05:32 up 22 min,  5 users,  load average: 0,19, 0,22, 0,26
top - 18:05:33 up 22 min,  5 users,  load average: 0,19, 0,22, 0,26
top - 18:05:34 up 22 min,  5 users,  load average: 0,19, 0,22, 0,26
top - 18:05:35 up 22 min,  5 users,  load average: 0,33, 0,25, 0,27
top - 18:05:36 up 22 min,  5 users,  load average: 0,33, 0,25, 0,27
top - 18:05:37 up 22 min,  5 users,  load average: 0,33, 0,25, 0,27
top - 18:05:38 up 22 min,  5 users,  load average: 0,33, 0,25, 0,27
top - 18:05:39 up 22 min,  5 users,  load average: 0,33, 0,25, 0,27
top - 18:05:40 up 22 min,  5 users,  load average: 0,31, 0,24, 0,27
top - 18:05:41 up 22 min,  5 users,  load average: 0,31, 0,24, 0,27
top - 18:05:42 up 22 min,  5 users,  load average: 0,31, 0,24, 0,27
top - 18:05:43 up 22 min,  5 users,  load average: 0,31, 0,24, 0,27
top - 18:05:44 up 22 min,  5 users,  load average: 0,31, 0,24, 0,27
top - 18:05:45 up 22 min,  5 users,  load average: 0,44, 0,27, 0,28
top - 18:05:46 up 22 min,  5 users,  load average: 0,44, 0,27, 0,28
top - 18:05:47 up 22 min,  5 users,  load average: 0,44, 0,27, 0,28
top - 18:05:48 up 22 min,  5 users,  load average: 0,44, 0,27, 0,28
top - 18:05:49 up 22 min,  5 users,  load average: 0,44, 0,27, 0,28
top - 18:05:50 up 22 min,  5 users,  load average: 0,49, 0,28, 0,28
top - 18:05:51 up 22 min,  5 users,  load average: 0,49, 0,28, 0,28
top - 18:05:52 up 22 min,  5 users,  load average: 0,49, 0,28, 0,28
top - 18:05:53 up 22 min,  5 users,  load average: 0,49, 0,28, 0,28
top - 18:05:54 up 22 min,  5 users,  load average: 0,49, 0,28, 0,28
top - 18:05:55 up 22 min,  5 users,  load average: 0,69, 0,33, 0,29
top - 18:05:56 up 22 min,  5 users,  load average: 0,69, 0,33, 0,29
top - 18:05:57 up 22 min,  5 users,  load average: 0,69, 0,33, 0,29
top - 18:05:58 up 22 min,  5 users,  load average: 0,69, 0,33, 0,29
top - 18:06:00 up 22 min,  5 users,  load average: 0,63, 0,32, 0,29
top - 18:06:01 up 22 min,  5 users,  load average: 0,63, 0,32, 0,29
top - 18:06:02 up 22 min,  5 users,  load average: 0,63, 0,32, 0,29
top - 18:06:03 up 22 min,  5 users,  load average: 0,63, 0,32, 0,29
top - 18:06:04 up 22 min,  5 users,  load average: 0,63, 0,32, 0,29
top - 18:06:05 up 22 min,  5 users,  load average: 0,58, 0,32, 0,29
top - 18:06:06 up 22 min,  5 users,  load average: 0,58, 0,32, 0,29
top - 18:06:07 up 22 min,  5 users,  load average: 0,58, 0,32, 0,29
top - 18:06:08 up 22 min,  5 users,  load average: 0,58, 0,32, 0,29
top - 18:06:09 up 23 min,  5 users,  load average: 0,58, 0,32, 0,29
top - 18:06:10 up 23 min,  5 users,  load average: 0,54, 0,31, 0,29
top - 18:06:11 up 23 min,  5 users,  load average: 0,54, 0,31, 0,29
top - 18:06:12 up 23 min,  5 users,  load average: 0,54, 0,31, 0,29
top - 18:06:13 up 23 min,  5 users,  load average: 0,54, 0,31, 0,29
top - 18:06:14 up 23 min,  5 users,  load average: 0,54, 0,31, 0,29
top - 18:06:15 up 23 min,  5 users,  load average: 0,65, 0,34, 0,30
top - 18:06:16 up 23 min,  5 users,  load average: 0,65, 0,34, 0,30
top - 18:06:17 up 23 min,  5 users,  load average: 0,65, 0,34, 0,30
top - 18:06:18 up 23 min,  5 users,  load average: 0,65, 0,34, 0,30
top - 18:06:19 up 23 min,  5 users,  load average: 0,65, 0,34, 0,30
top - 18:06:20 up 23 min,  5 users,  load average: 0,68, 0,35, 0,30
top - 18:06:21 up 23 min,  5 users,  load average: 0,68, 0,35, 0,30
top - 18:06:22 up 23 min,  5 users,  load average: 0,68, 0,35, 0,30
top - 18:06:23 up 23 min,  5 users,  load average: 0,68, 0,35, 0,30
top - 18:06:24 up 23 min,  5 users,  load average: 0,68, 0,35, 0,30
top - 18:06:25 up 23 min,  5 users,  load average: 0,71, 0,36, 0,31
top - 18:06:26 up 23 min,  5 users,  load average: 0,71, 0,36, 0,31
top - 18:06:27 up 23 min,  5 users,  load average: 0,71, 0,36, 0,31
top - 18:06:28 up 23 min,  5 users,  load average: 0,71, 0,36, 0,31
top - 18:06:29 up 23 min,  5 users,  load average: 0,71, 0,36, 0,31
top - 18:06:30 up 23 min,  5 users,  load average: 0,65, 0,36, 0,30
top - 18:06:31 up 23 min,  5 users,  load average: 0,65, 0,36, 0,30
top - 18:06:32 up 23 min,  5 users,  load average: 0,65, 0,36, 0,30
top - 18:06:33 up 23 min,  5 users,  load average: 0,65, 0,36, 0,30
top - 18:06:34 up 23 min,  5 users,  load average: 0,65, 0,36, 0,30
