   2678 root      20   0   55140  40352  12988 S   0,0   0,5   0:01.10 poetry
   2678 root      20   0   55140  40352  12988 S   0,0   0,5   0:01.10 poetry
   2678 root      20   0   55140  40352  12988 S   0,0   0,5   0:01.10 poetry
   2678 root      20   0   55140  40352  12988 S   0,0   0,5   0:01.10 poetry
   2678 root      20   0   55140  40352  12988 S   0,0   0,5   0:01.10 poetry
   2678 root      20   0   55140  40352  12988 S   0,0   0,5   0:01.10 poetry
   3518 tcpdump   20   0   10908   6420   5508 S   0,0   0,1   0:00.00 tcpdump
   2678 root      20   0   55140  40352  12988 S   0,0   0,5   0:01.10 poetry
   3518 tcpdump   20   0   10908   6420   5508 S   0,0   0,1   0:00.00 tcpdump
   2678 root      20   0   55140  40352  12988 S   0,0   0,5   0:01.10 poetry
   3518 tcpdump   20   0   10908   6420   5508 S   0,0   0,1   0:00.00 tcpdump
   2678 root      20   0   55140  40352  12988 S   0,0   0,5   0:01.10 poetry
   3518 tcpdump   20   0   10908   6420   5508 S   0,0   0,1   0:00.00 tcpdump
   2678 root      20   0   55140  40352  12988 S   0,0   0,5   0:01.10 poetry
   3518 tcpdump   20   0   10908   6420   5508 S   0,0   0,1   0:00.00 tcpdump
   2678 root      20   0   55140  40352  12988 S   0,0   0,5   0:01.10 poetry
   3518 tcpdump   20   0   10908   6420   5508 S   0,0   0,1   0:00.00 tcpdump
   2678 root      20   0   55140  40352  12988 S   0,0   0,5   0:01.10 poetry
   3518 tcpdump   20   0   10908   6420   5508 S   0,0   0,1   0:00.00 tcpdump
   2678 root      20   0   55140  40352  12988 S   0,0   0,5   0:01.10 poetry
   3518 tcpdump   20   0   10908   6420   5508 S   0,0   0,1   0:00.00 tcpdump
   3523 tcpdump   20   0   10908   6376   5460 S   0,0   0,1   0:00.00 tcpdump
   2678 root      20   0   55140  40352  12988 S   0,0   0,5   0:01.10 poetry
   3518 tcpdump   20   0   10908   6420   5508 S   0,0   0,1   0:00.00 tcpdump
   3523 tcpdump   20   0   10908   6376   5460 S   0,0   0,1   0:00.00 tcpdump
   2678 root      20   0   55140  40352  12988 S   0,0   0,5   0:01.10 poetry
   3518 tcpdump   20   0   10908   6420   5508 S   0,0   0,1   0:00.00 tcpdump
   3523 tcpdump   20   0   10908   6376   5460 S   0,0   0,1   0:00.00 tcpdump
   3528 root      20   0    3960    908    820 S   0,0   0,0   0:00.00 ptp4l
   2678 root      20   0   55140  40352  12988 S   0,0   0,5   0:01.10 poetry
   3518 tcpdump   20   0   10908   6420   5508 S   0,0   0,1   0:00.00 tcpdump
   3523 tcpdump   20   0   10908   6376   5460 S   0,0   0,1   0:00.00 tcpdump
   3528 root      20   0    3960    908    820 S   0,0   0,0   0:00.00 ptp4l
   2678 root      20   0   55140  40352  12988 S   0,0   0,5   0:01.10 poetry
   3518 tcpdump   20   0   10908   6420   5508 S   0,0   0,1   0:00.00 tcpdump
   3523 tcpdump   20   0   10908   6376   5460 S   0,0   0,1   0:00.00 tcpdump
   3528 root      20   0    3960    908    820 S   0,0   0,0   0:00.00 ptp4l
   2678 root      20   0   55140  40352  12988 S   0,0   0,5   0:01.10 poetry
   3518 tcpdump   20   0   10908   6420   5508 S   0,0   0,1   0:00.00 tcpdump
   3523 tcpdump   20   0   10908   6376   5460 S   0,0   0,1   0:00.00 tcpdump
   3528 root      20   0    3960    908    820 S   0,0   0,0   0:00.00 ptp4l
   2678 root      20   0   55140  40352  12988 S   0,0   0,5   0:01.10 poetry
   3518 tcpdump   20   0   10908   6420   5508 S   0,0   0,1   0:00.00 tcpdump
   3523 tcpdump   20   0   10908   6376   5460 S   0,0   0,1   0:00.00 tcpdump
   3528 root      20   0    3960    908    820 S   0,0   0,0   0:00.00 ptp4l
   2678 root      20   0   55140  40352  12988 S   0,0   0,5   0:01.10 poetry
   3518 tcpdump   20   0   10908   6420   5508 S   0,0   0,1   0:00.00 tcpdump
   3523 tcpdump   20   0   10908   6376   5460 S   0,0   0,1   0:00.00 tcpdump
   3528 root      20   0    3960    908    820 S   0,0   0,0   0:00.00 ptp4l
   2678 root      20   0   55140  40352  12988 S   0,0   0,5   0:01.10 poetry
   3518 tcpdump   20   0   10908   6420   5508 S   0,0   0,1   0:00.00 tcpdump
   3523 tcpdump   20   0   10908   6376   5460 S   0,0   0,1   0:00.00 tcpdump
   3528 root      20   0    3960    908    820 S   0,0   0,0   0:00.00 ptp4l
   2678 root      20   0   55140  40352  12988 S   0,0   0,5   0:01.10 poetry
   3518 tcpdump   20   0   10908   6420   5508 S   0,0   0,1   0:00.00 tcpdump
   3523 tcpdump   20   0   10908   6376   5460 S   0,0   0,1   0:00.00 tcpdump
   3528 root      20   0    3960    908    820 S   0,0   0,0   0:00.00 ptp4l
   2678 root      20   0   55140  40352  12988 S   0,0   0,5   0:01.10 poetry
   3518 tcpdump   20   0   10908   6420   5508 S   0,0   0,1   0:00.00 tcpdump
   3523 tcpdump   20   0   10908   6376   5460 S   0,0   0,1   0:00.00 tcpdump
   3528 root      20   0    3960    908    820 S   0,0   0,0   0:00.00 ptp4l
   2678 root      20   0   55140  40352  12988 S   0,0   0,5   0:01.10 poetry
   3518 tcpdump   20   0   10908   6420   5508 S   0,0   0,1   0:00.00 tcpdump
   3523 tcpdump   20   0   10908   6376   5460 S   0,0   0,1   0:00.00 tcpdump
   3528 root      20   0    3960    908    820 S   0,0   0,0   0:00.00 ptp4l
   2678 root      20   0   55140  40352  12988 S   0,0   0,5   0:01.10 poetry
   3518 tcpdump   20   0   10908   6420   5508 S   0,0   0,1   0:00.00 tcpdump
   3523 tcpdump   20   0   10908   6376   5460 S   0,0   0,1   0:00.00 tcpdump
   3528 root      20   0    3960    908    820 S   0,0   0,0   0:00.00 ptp4l
   2678 root      20   0   55140  40352  12988 S   0,0   0,5   0:01.10 poetry
   3518 tcpdump   20   0   10908   6420   5508 S   0,0   0,1   0:00.00 tcpdump
   3523 tcpdump   20   0   10908   6376   5460 S   0,0   0,1   0:00.00 tcpdump
   3528 root      20   0    3960    908    820 S   0,0   0,0   0:00.00 ptp4l
   2678 root      20   0   55140  40352  12988 S   0,0   0,5   0:01.10 poetry
   3518 tcpdump   20   0   10908   6420   5508 S   0,0   0,1   0:00.00 tcpdump
   3523 tcpdump   20   0   10908   6376   5460 S   0,0   0,1   0:00.00 tcpdump
   3528 root      20   0    3960    908    820 S   0,0   0,0   0:00.00 ptp4l
   2678 root      20   0   55140  40352  12988 S   0,0   0,5   0:01.10 poetry
   3518 tcpdump   20   0   10908   6420   5508 S   0,0   0,1   0:00.00 tcpdump
   3523 tcpdump   20   0   10908   6376   5460 S   0,0   0,1   0:00.00 tcpdump
   3528 root      20   0    3960    908    820 S   0,0   0,0   0:00.00 ptp4l
   2678 root      20   0   55140  40352  12988 S   0,0   0,5   0:01.10 poetry
   3518 tcpdump   20   0   10908   6420   5508 S   0,0   0,1   0:00.00 tcpdump
   3523 tcpdump   20   0   10908   6376   5460 S   0,0   0,1   0:00.00 tcpdump
   3528 root      20   0    3960    908    820 S   0,0   0,0   0:00.00 ptp4l
   2678 root      20   0   55140  40352  12988 S   0,0   0,5   0:01.10 poetry
   3518 tcpdump   20   0   10908   6420   5508 S   0,0   0,1   0:00.00 tcpdump
   3523 tcpdump   20   0   10908   6376   5460 S   0,0   0,1   0:00.00 tcpdump
   3528 root      20   0    3960    908    820 S   0,0   0,0   0:00.00 ptp4l
   2678 root      20   0   55140  40352  12988 S   0,0   0,5   0:01.10 poetry
   3518 tcpdump   20   0   10908   6420   5508 S   0,0   0,1   0:00.00 tcpdump
   3523 tcpdump   20   0   10908   6376   5460 S   0,0   0,1   0:00.00 tcpdump
   3528 root      20   0    3960    908    820 S   0,0   0,0   0:00.00 ptp4l
   2678 root      20   0   55140  40352  12988 S   0,0   0,5   0:01.10 poetry
   3518 tcpdump   20   0   10908   6420   5508 S   0,0   0,1   0:00.00 tcpdump
   3523 tcpdump   20   0   10908   6376   5460 S   0,0   0,1   0:00.00 tcpdump
   3528 root      20   0    3960    908    820 S   0,0   0,0   0:00.00 ptp4l
   2678 root      20   0   55140  40352  12988 S   0,0   0,5   0:01.10 poetry
   3518 tcpdump   20   0   10908   6420   5508 S   0,0   0,1   0:00.00 tcpdump
   3523 tcpdump   20   0   10908   6376   5460 S   0,0   0,1   0:00.00 tcpdump
   3528 root      20   0    3960    908    820 S   0,0   0,0   0:00.00 ptp4l
   2678 root      20   0   55140  40352  12988 S   0,0   0,5   0:01.10 poetry
   3518 tcpdump   20   0   10908   6420   5508 S   0,0   0,1   0:00.00 tcpdump
   3523 tcpdump   20   0   10908   6376   5460 S   0,0   0,1   0:00.00 tcpdump
   3528 root      20   0    3960    908    820 S   0,0   0,0   0:00.00 ptp4l
   2678 root      20   0   55140  40352  12988 S   0,0   0,5   0:01.10 poetry
   3518 tcpdump   20   0   10908   6420   5508 S   0,0   0,1   0:00.00 tcpdump
   3523 tcpdump   20   0   10908   6376   5460 S   0,0   0,1   0:00.00 tcpdump
   3528 root      20   0    3960    908    820 S   0,0   0,0   0:00.00 ptp4l
   2678 root      20   0   55140  40352  12988 S   0,0   0,5   0:01.10 poetry
   3518 tcpdump   20   0   10908   6420   5508 S   0,0   0,1   0:00.00 tcpdump
   3523 tcpdump   20   0   10908   6376   5460 S   0,0   0,1   0:00.00 tcpdump
   3528 root      20   0    3960    908    820 S   0,0   0,0   0:00.00 ptp4l
   2678 root      20   0   55140  40352  12988 S   0,0   0,5   0:01.10 poetry
   3518 tcpdump   20   0   10908   6420   5508 S   0,0   0,1   0:00.00 tcpdump
   3523 tcpdump   20   0   10908   6376   5460 S   0,0   0,1   0:00.00 tcpdump
   3528 root      20   0    3960    908    820 S   0,0   0,0   0:00.00 ptp4l
   2678 root      20   0   55140  40352  12988 S   0,0   0,5   0:01.10 poetry
   3518 tcpdump   20   0   10908   6420   5508 S   0,0   0,1   0:00.00 tcpdump
   3523 tcpdump   20   0   10908   6376   5460 S   0,0   0,1   0:00.00 tcpdump
   3528 root      20   0    3960    908    820 S   0,0   0,0   0:00.00 ptp4l
   2678 root      20   0   55140  40352  12988 S   0,0   0,5   0:01.10 poetry
   3518 tcpdump   20   0   10908   6420   5508 S   0,0   0,1   0:00.00 tcpdump
   3523 tcpdump   20   0   10908   6376   5460 S   0,0   0,1   0:00.00 tcpdump
   3528 root      20   0    3960    908    820 S   0,0   0,0   0:00.00 ptp4l
   2678 root      20   0   55140  40352  12988 S   0,0   0,5   0:01.10 poetry
   3518 tcpdump   20   0   10908   6420   5508 S   0,0   0,1   0:00.00 tcpdump
   3523 tcpdump   20   0   10908   6376   5460 S   0,0   0,1   0:00.00 tcpdump
   3528 root      20   0    3960    908    820 S   0,0   0,0   0:00.00 ptp4l
   3528 root      20   0    3960    908    820 S   1,0   0,0   0:00.01 ptp4l
   2678 root      20   0   55140  40352  12988 S   0,0   0,5   0:01.10 poetry
   3518 tcpdump   20   0   10908   6420   5508 S   0,0   0,1   0:00.00 tcpdump
   3523 tcpdump   20   0   10908   6376   5460 S   0,0   0,1   0:00.00 tcpdump
   2678 root      20   0   55140  40352  12988 S   0,0   0,5   0:01.10 poetry
   3518 tcpdump   20   0   10908   6420   5508 S   0,0   0,1   0:00.00 tcpdump
   3523 tcpdump   20   0   10908   6376   5460 S   0,0   0,1   0:00.00 tcpdump
   3528 root      20   0    3960    908    820 S   0,0   0,0   0:00.01 ptp4l
   2678 root      20   0   55140  40352  12988 S   0,0   0,5   0:01.10 poetry
   3518 tcpdump   20   0   10908   6420   5508 S   0,0   0,1   0:00.00 tcpdump
   3523 tcpdump   20   0   10908   6376   5460 S   0,0   0,1   0:00.00 tcpdump
   3528 root      20   0    3960    908    820 S   0,0   0,0   0:00.01 ptp4l
   3523 tcpdump   20   0   10908   6376   5460 S   1,0   0,1   0:00.01 tcpdump
   2678 root      20   0   55140  40352  12988 S   0,0   0,5   0:01.10 poetry
   3518 tcpdump   20   0   10908   6420   5508 S   0,0   0,1   0:00.00 tcpdump
   3528 root      20   0    3960    908    820 S   0,0   0,0   0:00.01 ptp4l
   2678 root      20   0   55140  40352  12988 S   0,0   0,5   0:01.10 poetry
   3518 tcpdump   20   0   10908   6420   5508 S   0,0   0,1   0:00.00 tcpdump
   3523 tcpdump   20   0   10908   6376   5460 S   0,0   0,1   0:00.01 tcpdump
   3528 root      20   0    3960    908    820 S   0,0   0,0   0:00.01 ptp4l
   3518 tcpdump   20   0   10908   6420   5508 S   1,0   0,1   0:00.01 tcpdump
   2678 root      20   0   55140  40352  12988 S   0,0   0,5   0:01.10 poetry
   3523 tcpdump   20   0   10908   6376   5460 S   0,0   0,1   0:00.01 tcpdump
   3528 root      20   0    3960    908    820 S   0,0   0,0   0:00.01 ptp4l
   2678 root      20   0   55140  40352  12988 S   0,0   0,5   0:01.10 poetry
   3518 tcpdump   20   0   10908   6420   5508 S   0,0   0,1   0:00.01 tcpdump
   3523 tcpdump   20   0   10908   6376   5460 S   0,0   0,1   0:00.01 tcpdump
   3528 root      20   0    3960    908    820 S   0,0   0,0   0:00.01 ptp4l
   2678 root      20   0   55140  40352  12988 S   0,0   0,5   0:01.10 poetry
   3518 tcpdump   20   0   10908   6420   5508 S   0,0   0,1   0:00.01 tcpdump
   3523 tcpdump   20   0   10908   6376   5460 S   0,0   0,1   0:00.01 tcpdump
   3528 root      20   0    3960    908    820 S   0,0   0,0   0:00.01 ptp4l
   2678 root      20   0   55140  40352  12988 S   0,0   0,5   0:01.10 poetry
   3518 tcpdump   20   0   10908   6420   5508 S   0,0   0,1   0:00.01 tcpdump
   3523 tcpdump   20   0   10908   6376   5460 S   0,0   0,1   0:00.01 tcpdump
   3528 root      20   0    3960    908    820 S   0,0   0,0   0:00.01 ptp4l
   2678 root      20   0   55140  40352  12988 S   0,0   0,5   0:01.10 poetry
   3518 tcpdump   20   0   10908   6420   5508 S   0,0   0,1   0:00.01 tcpdump
   3523 tcpdump   20   0   10908   6376   5460 S   0,0   0,1   0:00.01 tcpdump
   3528 root      20   0    3960    908    820 S   0,0   0,0   0:00.01 ptp4l
   2678 root      20   0   55140  40352  12988 S   0,0   0,5   0:01.10 poetry
   3518 tcpdump   20   0   10908   6420   5508 S   0,0   0,1   0:00.01 tcpdump
   3523 tcpdump   20   0   10908   6376   5460 S   0,0   0,1   0:00.01 tcpdump
   3528 root      20   0    3960    908    820 S   0,0   0,0   0:00.01 ptp4l
   2678 root      20   0   55140  40352  12988 S   0,0   0,5   0:01.10 poetry
   3518 tcpdump   20   0   10908   6420   5508 S   0,0   0,1   0:00.01 tcpdump
   3523 tcpdump   20   0   10908   6376   5460 S   0,0   0,1   0:00.01 tcpdump
   3528 root      20   0    3960    908    820 S   0,0   0,0   0:00.01 ptp4l
   2678 root      20   0   55140  40352  12988 S   1,0   0,5   0:01.11 poetry
   3518 tcpdump   20   0   10908   6420   5508 S   0,0   0,1   0:00.01 tcpdump
   3523 tcpdump   20   0   10908   6376   5460 S   0,0   0,1   0:00.01 tcpdump
   3528 root      20   0    3960    908    820 S   0,0   0,0   0:00.01 ptp4l
   2678 root      20   0   55140  40352  12988 S   0,0   0,5   0:01.11 poetry
   3518 tcpdump   20   0   10908   6420   5508 S   0,0   0,1   0:00.01 tcpdump
   3523 tcpdump   20   0   10908   6376   5460 S   0,0   0,1   0:00.01 tcpdump
   3528 root      20   0    3960    908    820 S   0,0   0,0   0:00.01 ptp4l
   2678 root      20   0   55140  40352  12988 S   0,0   0,5   0:01.11 poetry
   3518 tcpdump   20   0   10908   6420   5508 S   0,0   0,1   0:00.01 tcpdump
   3523 tcpdump   20   0   10908   6376   5460 S   0,0   0,1   0:00.01 tcpdump
   3528 root      20   0    3960    908    820 S   0,0   0,0   0:00.01 ptp4l
   2678 root      20   0   55140  40352  12988 S   0,0   0,5   0:01.11 poetry
   3518 tcpdump   20   0   10908   6420   5508 S   0,0   0,1   0:00.01 tcpdump
   3523 tcpdump   20   0   10908   6376   5460 S   0,0   0,1   0:00.01 tcpdump
   3528 root      20   0    3960    908    820 S   0,0   0,0   0:00.01 ptp4l
   2678 root      20   0   55140  40352  12988 S   0,0   0,5   0:01.11 poetry
   3518 tcpdump   20   0   10908   6420   5508 S   0,0   0,1   0:00.01 tcpdump
   3523 tcpdump   20   0   10908   6376   5460 S   0,0   0,1   0:00.01 tcpdump
   3528 root      20   0    3960    908    820 S   0,0   0,0   0:00.01 ptp4l
   2678 root      20   0   55140  40352  12988 S   0,0   0,5   0:01.11 poetry
   3518 tcpdump   20   0   10908   6420   5508 S   0,0   0,1   0:00.01 tcpdump
   3523 tcpdump   20   0   10908   6376   5460 S   0,0   0,1   0:00.01 tcpdump
   3528 root      20   0    3960    908    820 S   0,0   0,0   0:00.01 ptp4l
   2678 root      20   0   55140  40352  12988 S   0,0   0,5   0:01.11 poetry
   3518 tcpdump   20   0   10908   6420   5508 S   0,0   0,1   0:00.01 tcpdump
   3523 tcpdump   20   0   10908   6376   5460 S   0,0   0,1   0:00.01 tcpdump
   3528 root      20   0    3960    908    820 S   0,0   0,0   0:00.01 ptp4l
   3523 tcpdump   20   0   10908   6376   5460 S   1,0   0,1   0:00.02 tcpdump
   2678 root      20   0   55140  40352  12988 S   0,0   0,5   0:01.11 poetry
   3518 tcpdump   20   0   10908   6420   5508 S   0,0   0,1   0:00.01 tcpdump
   3528 root      20   0    3960    908    820 S   0,0   0,0   0:00.01 ptp4l
   3528 root      20   0    3960    908    820 S   2,0   0,0   0:00.03 ptp4l
   2678 root      20   0   55140  40352  12988 S   0,0   0,5   0:01.11 poetry
   3518 tcpdump   20   0   10908   6420   5508 S   0,0   0,1   0:00.01 tcpdump
   3523 tcpdump   20   0   10908   6376   5460 S   0,0   0,1   0:00.02 tcpdump
   2678 root      20   0   55140  40352  12988 S   0,0   0,5   0:01.11 poetry
   3518 tcpdump   20   0   10908   6420   5508 S   0,0   0,1   0:00.01 tcpdump
   3523 tcpdump   20   0   10908   6376   5460 S   0,0   0,1   0:00.02 tcpdump
   3528 root      20   0    3960    908    820 S   0,0   0,0   0:00.03 ptp4l
   2678 root      20   0   55140  40352  12988 S   0,0   0,5   0:01.11 poetry
   3518 tcpdump   20   0   10908   6420   5508 S   0,0   0,1   0:00.01 tcpdump
   3523 tcpdump   20   0   10908   6376   5460 S   0,0   0,1   0:00.02 tcpdump
   3528 root      20   0    3960    908    820 S   0,0   0,0   0:00.03 ptp4l
   2678 root      20   0   55140  40352  12988 S   0,0   0,5   0:01.11 poetry
   3518 tcpdump   20   0   10908   6420   5508 S   0,0   0,1   0:00.01 tcpdump
   3523 tcpdump   20   0   10908   6376   5460 S   0,0   0,1   0:00.02 tcpdump
   3528 root      20   0    3960    908    820 S   0,0   0,0   0:00.03 ptp4l
   2678 root      20   0   55140  40352  12988 S   0,0   0,5   0:01.11 poetry
   3518 tcpdump   20   0   10908   6420   5508 S   0,0   0,1   0:00.01 tcpdump
   3523 tcpdump   20   0   10908   6376   5460 S   0,0   0,1   0:00.02 tcpdump
   3528 root      20   0    3960    908    820 S   0,0   0,0   0:00.03 ptp4l
   2678 root      20   0   55140  40352  12988 S   0,0   0,5   0:01.11 poetry
   3518 tcpdump   20   0   10908   6420   5508 S   0,0   0,1   0:00.01 tcpdump
   3523 tcpdump   20   0   10908   6376   5460 S   0,0   0,1   0:00.02 tcpdump
   3528 root      20   0    3960    908    820 S   0,0   0,0   0:00.03 ptp4l
   2678 root      20   0   55140  40352  12988 S   0,0   0,5   0:01.11 poetry
   3518 tcpdump   20   0   10908   6420   5508 S   0,0   0,1   0:00.01 tcpdump
   3523 tcpdump   20   0   10908   6376   5460 S   0,0   0,1   0:00.02 tcpdump
   3528 root      20   0    3960    908    820 S   0,0   0,0   0:00.03 ptp4l
   2678 root      20   0   55140  40352  12988 S   0,0   0,5   0:01.11 poetry
   3518 tcpdump   20   0   10908   6420   5508 S   0,0   0,1   0:00.01 tcpdump
   3523 tcpdump   20   0   10908   6376   5460 S   0,0   0,1   0:00.02 tcpdump
   3528 root      20   0    3960    908    820 S   0,0   0,0   0:00.03 ptp4l
   2678 root      20   0   55140  40352  12988 S   0,0   0,5   0:01.11 poetry
   3518 tcpdump   20   0   10908   6420   5508 S   0,0   0,1   0:00.01 tcpdump
   3523 tcpdump   20   0   10908   6376   5460 S   0,0   0,1   0:00.02 tcpdump
   3528 root      20   0    3960    908    820 S   0,0   0,0   0:00.03 ptp4l
   2678 root      20   0   55140  40352  12988 S   0,0   0,5   0:01.11 poetry
   3518 tcpdump   20   0   10908   6420   5508 S   0,0   0,1   0:00.01 tcpdump
   3523 tcpdump   20   0   10908   6376   5460 S   0,0   0,1   0:00.02 tcpdump
   3528 root      20   0    3960    908    820 S   0,0   0,0   0:00.03 ptp4l
   2678 root      20   0   55140  40352  12988 S   0,0   0,5   0:01.11 poetry
   3518 tcpdump   20   0   10908   6420   5508 S   0,0   0,1   0:00.01 tcpdump
   3523 tcpdump   20   0   10908   6376   5460 S   0,0   0,1   0:00.02 tcpdump
   3528 root      20   0    3960    908    820 S   0,0   0,0   0:00.03 ptp4l
   2678 root      20   0   55140  40352  12988 S   0,0   0,5   0:01.11 poetry
   3518 tcpdump   20   0   10908   6420   5508 S   0,0   0,1   0:00.01 tcpdump
   3523 tcpdump   20   0   10908   6376   5460 S   0,0   0,1   0:00.02 tcpdump
   3528 root      20   0    3960    908    820 S   0,0   0,0   0:00.03 ptp4l
   2678 root      20   0   55140  40352  12988 S   0,0   0,5   0:01.11 poetry
   3518 tcpdump   20   0   10908   6420   5508 S   0,0   0,1   0:00.01 tcpdump
   3523 tcpdump   20   0   10908   6376   5460 S   0,0   0,1   0:00.02 tcpdump
   3528 root      20   0    3960    908    820 S   0,0   0,0   0:00.03 ptp4l
   2678 root      20   0   55140  40352  12988 S   0,0   0,5   0:01.11 poetry
   3518 tcpdump   20   0   10908   6420   5508 S   0,0   0,1   0:00.01 tcpdump
   3523 tcpdump   20   0   10908   6376   5460 S   0,0   0,1   0:00.02 tcpdump
   3528 root      20   0    3960    908    820 S   0,0   0,0   0:00.03 ptp4l
   3523 tcpdump   20   0   10908   6376   5460 S   1,0   0,1   0:00.03 tcpdump
   2678 root      20   0   55140  40352  12988 S   0,0   0,5   0:01.11 poetry
   3518 tcpdump   20   0   10908   6420   5508 S   0,0   0,1   0:00.01 tcpdump
   3528 root      20   0    3960    908    820 S   0,0   0,0   0:00.03 ptp4l
   2678 root      20   0   55140  40352  12988 S   0,0   0,5   0:01.11 poetry
   3518 tcpdump   20   0   10908   6420   5508 S   0,0   0,1   0:00.01 tcpdump
   3523 tcpdump   20   0   10908   6376   5460 S   0,0   0,1   0:00.03 tcpdump
   3528 root      20   0    3960    908    820 S   0,0   0,0   0:00.03 ptp4l
   2678 root      20   0   55140  40352  12988 S   0,0   0,5   0:01.11 poetry
   3518 tcpdump   20   0   10908   6420   5508 S   0,0   0,1   0:00.01 tcpdump
   3523 tcpdump   20   0   10908   6376   5460 S   0,0   0,1   0:00.03 tcpdump
   3528 root      20   0    3960    908    820 S   0,0   0,0   0:00.03 ptp4l
   3528 root      20   0    3960    908    820 S   1,0   0,0   0:00.04 ptp4l
   2678 root      20   0   55140  40352  12988 S   0,0   0,5   0:01.11 poetry
   3518 tcpdump   20   0   10908   6420   5508 S   0,0   0,1   0:00.01 tcpdump
   3523 tcpdump   20   0   10908   6376   5460 S   0,0   0,1   0:00.03 tcpdump
   2678 root      20   0   55140  40352  12988 S   0,0   0,5   0:01.11 poetry
   3518 tcpdump   20   0   10908   6420   5508 S   0,0   0,1   0:00.01 tcpdump
   3523 tcpdump   20   0   10908   6376   5460 S   0,0   0,1   0:00.03 tcpdump
   3528 root      20   0    3960    908    820 S   0,0   0,0   0:00.04 ptp4l
   2678 root      20   0   55140  40352  12988 S   0,0   0,5   0:01.11 poetry
   3518 tcpdump   20   0   10908   6420   5508 S   0,0   0,1   0:00.01 tcpdump
   3523 tcpdump   20   0   10908   6376   5460 S   0,0   0,1   0:00.03 tcpdump
   3528 root      20   0    3960    908    820 S   0,0   0,0   0:00.04 ptp4l
   2678 root      20   0   55140  40352  12988 S   0,0   0,5   0:01.11 poetry
   3518 tcpdump   20   0   10908   6420   5508 S   0,0   0,1   0:00.01 tcpdump
   3523 tcpdump   20   0   10908   6376   5460 S   0,0   0,1   0:00.03 tcpdump
   3528 root      20   0    3960    908    820 S   0,0   0,0   0:00.04 ptp4l
   2678 root      20   0   55140  40352  12988 S   0,0   0,5   0:01.11 poetry
   3518 tcpdump   20   0   10908   6420   5508 S   0,0   0,1   0:00.01 tcpdump
   3523 tcpdump   20   0   10908   6376   5460 S   0,0   0,1   0:00.03 tcpdump
   3528 root      20   0    3960    908    820 S   0,0   0,0   0:00.04 ptp4l
   2678 root      20   0   55140  40352  12988 S   0,0   0,5   0:01.11 poetry
   3518 tcpdump   20   0   10908   6420   5508 S   0,0   0,1   0:00.01 tcpdump
   3523 tcpdump   20   0   10908   6376   5460 S   0,0   0,1   0:00.03 tcpdump
   3528 root      20   0    3960    908    820 S   0,0   0,0   0:00.04 ptp4l
   2678 root      20   0   55140  40352  12988 S   0,0   0,5   0:01.11 poetry
   3518 tcpdump   20   0   10908   6420   5508 S   0,0   0,1   0:00.01 tcpdump
   3523 tcpdump   20   0   10908   6376   5460 S   0,0   0,1   0:00.03 tcpdump
   3528 root      20   0    3960    908    820 S   0,0   0,0   0:00.04 ptp4l
   2678 root      20   0   55140  40352  12988 S   0,0   0,5   0:01.11 poetry
   3518 tcpdump   20   0   10908   6420   5508 S   0,0   0,1   0:00.01 tcpdump
   3523 tcpdump   20   0   10908   6376   5460 S   0,0   0,1   0:00.03 tcpdump
   3528 root      20   0    3960    908    820 S   0,0   0,0   0:00.04 ptp4l
   2678 root      20   0   55140  40352  12988 S   1,0   0,5   0:01.12 poetry
   3518 tcpdump   20   0   10908   6420   5508 S   0,0   0,1   0:00.01 tcpdump
   3523 tcpdump   20   0   10908   6376   5460 S   0,0   0,1   0:00.03 tcpdump
   3528 root      20   0    3960    908    820 S   0,0   0,0   0:00.04 ptp4l
   2678 root      20   0   55140  40352  12988 S   0,0   0,5   0:01.12 poetry
   3518 tcpdump   20   0   10908   6420   5508 S   0,0   0,1   0:00.01 tcpdump
   3523 tcpdump   20   0   10908   6376   5460 S   0,0   0,1   0:00.03 tcpdump
   3528 root      20   0    3960    908    820 S   0,0   0,0   0:00.04 ptp4l
   3523 tcpdump   20   0   10908   6376   5460 S   1,0   0,1   0:00.04 tcpdump
   2678 root      20   0   55140  40352  12988 S   0,0   0,5   0:01.12 poetry
   3518 tcpdump   20   0   10908   6420   5508 S   0,0   0,1   0:00.01 tcpdump
   3528 root      20   0    3960    908    820 S   0,0   0,0   0:00.04 ptp4l
   2678 root      20   0   55140  40352  12988 S   0,0   0,5   0:01.12 poetry
   3518 tcpdump   20   0   10908   6420   5508 S   0,0   0,1   0:00.01 tcpdump
   3523 tcpdump   20   0   10908   6376   5460 S   0,0   0,1   0:00.04 tcpdump
   3528 root      20   0    3960    908    820 S   0,0   0,0   0:00.04 ptp4l
   2678 root      20   0   55140  40352  12988 S   0,0   0,5   0:01.12 poetry
   3518 tcpdump   20   0   10908   6420   5508 S   0,0   0,1   0:00.01 tcpdump
   3523 tcpdump   20   0   10908   6376   5460 S   0,0   0,1   0:00.04 tcpdump
   3528 root      20   0    3960    908    820 S   0,0   0,0   0:00.04 ptp4l
   2678 root      20   0   55140  40352  12988 S   0,0   0,5   0:01.12 poetry
   3518 tcpdump   20   0   10908   6420   5508 S   0,0   0,1   0:00.01 tcpdump
   3523 tcpdump   20   0   10908   6376   5460 S   0,0   0,1   0:00.04 tcpdump
   3528 root      20   0    3960    908    820 S   0,0   0,0   0:00.04 ptp4l
   2678 root      20   0   55140  40352  12988 S   0,0   0,5   0:01.12 poetry
   3518 tcpdump   20   0   10908   6420   5508 S   0,0   0,1   0:00.01 tcpdump
   3523 tcpdump   20   0   10908   6376   5460 S   0,0   0,1   0:00.04 tcpdump
   3528 root      20   0    3960    908    820 S   0,0   0,0   0:00.04 ptp4l
   2678 root      20   0   55140  40352  12988 S   0,0   0,5   0:01.12 poetry
   3518 tcpdump   20   0   10908   6420   5508 S   0,0   0,1   0:00.01 tcpdump
   3523 tcpdump   20   0   10908   6376   5460 S   0,0   0,1   0:00.04 tcpdump
   3528 root      20   0    3960    908    820 S   0,0   0,0   0:00.04 ptp4l
   2678 root      20   0   55140  40352  12988 S   0,0   0,5   0:01.12 poetry
   3518 tcpdump   20   0   10908   6420   5508 S   0,0   0,1   0:00.01 tcpdump
   3523 tcpdump   20   0   10908   6376   5460 S   0,0   0,1   0:00.04 tcpdump
   3528 root      20   0    3960    908    820 S   0,0   0,0   0:00.04 ptp4l
   2678 root      20   0   55140  40352  12988 S   0,0   0,5   0:01.12 poetry
   3518 tcpdump   20   0   10908   6420   5508 S   0,0   0,1   0:00.01 tcpdump
   3523 tcpdump   20   0   10908   6376   5460 S   0,0   0,1   0:00.04 tcpdump
   3528 root      20   0    3960    908    820 S   0,0   0,0   0:00.04 ptp4l
   2678 root      20   0   55140  40352  12988 S   0,0   0,5   0:01.12 poetry
   3518 tcpdump   20   0   10908   6420   5508 S   0,0   0,1   0:00.01 tcpdump
   3523 tcpdump   20   0   10908   6376   5460 S   0,0   0,1   0:00.04 tcpdump
   3528 root      20   0    3960    908    820 S   0,0   0,0   0:00.04 ptp4l
   3528 root      20   0    3960    908    820 S   1,0   0,0   0:00.05 ptp4l
   2678 root      20   0   55140  40352  12988 S   0,0   0,5   0:01.12 poetry
   3518 tcpdump   20   0   10908   6420   5508 S   0,0   0,1   0:00.01 tcpdump
   3523 tcpdump   20   0   10908   6376   5460 S   0,0   0,1   0:00.04 tcpdump
   2678 root      20   0   55140  40352  12988 S   0,0   0,5   0:01.12 poetry
   3518 tcpdump   20   0   10908   6420   5508 S   0,0   0,1   0:00.01 tcpdump
   3523 tcpdump   20   0   10908   6376   5460 S   0,0   0,1   0:00.04 tcpdump
   3528 root      20   0    3960    908    820 S   0,0   0,0   0:00.05 ptp4l
   2678 root      20   0   55140  40352  12988 S   0,0   0,5   0:01.12 poetry
   3518 tcpdump   20   0   10908   6420   5508 S   0,0   0,1   0:00.01 tcpdump
   3523 tcpdump   20   0   10908   6376   5460 S   0,0   0,1   0:00.04 tcpdump
   3528 root      20   0    3960    908    820 S   0,0   0,0   0:00.05 ptp4l
   2678 root      20   0   55140  40352  12988 S   0,0   0,5   0:01.12 poetry
   3518 tcpdump   20   0   10908   6420   5508 S   0,0   0,1   0:00.01 tcpdump
   3523 tcpdump   20   0   10908   6376   5460 S   0,0   0,1   0:00.04 tcpdump
   3528 root      20   0    3960    908    820 S   0,0   0,0   0:00.05 ptp4l
   3523 tcpdump   20   0   10908   6376   5460 S   1,0   0,1   0:00.05 tcpdump
   2678 root      20   0   55140  40352  12988 S   0,0   0,5   0:01.12 poetry
   3518 tcpdump   20   0   10908   6420   5508 S   0,0   0,1   0:00.01 tcpdump
   3528 root      20   0    3960    908    820 S   0,0   0,0   0:00.05 ptp4l
   2678 root      20   0   55140  40352  12988 S   0,0   0,5   0:01.12 poetry
   3518 tcpdump   20   0   10908   6420   5508 S   0,0   0,1   0:00.01 tcpdump
   3523 tcpdump   20   0   10908   6376   5460 S   0,0   0,1   0:00.05 tcpdump
   3528 root      20   0    3960    908    820 S   0,0   0,0   0:00.05 ptp4l
   2678 root      20   0   55140  40352  12988 S   0,0   0,5   0:01.12 poetry
   3518 tcpdump   20   0   10908   6420   5508 S   0,0   0,1   0:00.01 tcpdump
   3523 tcpdump   20   0   10908   6376   5460 S   0,0   0,1   0:00.05 tcpdump
   3528 root      20   0    3960    908    820 S   0,0   0,0   0:00.05 ptp4l
   2678 root      20   0   55140  40352  12988 S   0,0   0,5   0:01.12 poetry
   3518 tcpdump   20   0   10908   6420   5508 S   0,0   0,1   0:00.01 tcpdump
   3523 tcpdump   20   0   10908   6376   5460 S   0,0   0,1   0:00.05 tcpdump
   3528 root      20   0    3960    908    820 S   0,0   0,0   0:00.05 ptp4l
   2678 root      20   0   55140  40352  12988 S   0,0   0,5   0:01.12 poetry
   3518 tcpdump   20   0   10908   6420   5508 S   0,0   0,1   0:00.01 tcpdump
   3523 tcpdump   20   0   10908   6376   5460 S   0,0   0,1   0:00.05 tcpdump
   3528 root      20   0    3960    908    820 S   0,0   0,0   0:00.05 ptp4l
   2678 root      20   0   55140  40352  12988 S   0,0   0,5   0:01.12 poetry
   3518 tcpdump   20   0   10908   6420   5508 S   0,0   0,1   0:00.01 tcpdump
   3523 tcpdump   20   0   10908   6376   5460 S   0,0   0,1   0:00.05 tcpdump
   3528 root      20   0    3960    908    820 S   0,0   0,0   0:00.05 ptp4l
   2678 root      20   0   55140  40352  12988 S   0,0   0,5   0:01.12 poetry
   3518 tcpdump   20   0   10908   6420   5508 S   0,0   0,1   0:00.01 tcpdump
   3523 tcpdump   20   0   10908   6376   5460 S   0,0   0,1   0:00.05 tcpdump
   3528 root      20   0    3960    908    820 S   0,0   0,0   0:00.05 ptp4l
   2678 root      20   0   55140  40352  12988 S   0,0   0,5   0:01.12 poetry
   3518 tcpdump   20   0   10908   6420   5508 S   0,0   0,1   0:00.01 tcpdump
   3523 tcpdump   20   0   10908   6376   5460 S   0,0   0,1   0:00.05 tcpdump
   3528 root      20   0    3960    908    820 S   0,0   0,0   0:00.05 ptp4l
   2678 root      20   0   55140  40352  12988 S   0,0   0,5   0:01.12 poetry
   3518 tcpdump   20   0   10908   6420   5508 S   0,0   0,1   0:00.01 tcpdump
   3523 tcpdump   20   0   10908   6376   5460 S   0,0   0,1   0:00.05 tcpdump
   3528 root      20   0    3960    908    820 S   0,0   0,0   0:00.05 ptp4l
   2678 root      20   0   55140  40352  12988 S   0,0   0,5   0:01.12 poetry
   3518 tcpdump   20   0   10908   6420   5508 S   0,0   0,1   0:00.01 tcpdump
   3523 tcpdump   20   0   10908   6376   5460 S   0,0   0,1   0:00.05 tcpdump
   3528 root      20   0    3960    908    820 S   0,0   0,0   0:00.05 ptp4l
   2678 root      20   0   55140  40352  12988 S   0,0   0,5   0:01.12 poetry
   3518 tcpdump   20   0   10908   6420   5508 S   0,0   0,1   0:00.01 tcpdump
   3523 tcpdump   20   0   10908   6376   5460 S   0,0   0,1   0:00.05 tcpdump
   3528 root      20   0    3960    908    820 S   0,0   0,0   0:00.05 ptp4l
   2678 root      20   0   55140  40352  12988 S   0,0   0,5   0:01.12 poetry
   3518 tcpdump   20   0   10908   6420   5508 S   0,0   0,1   0:00.01 tcpdump
   3523 tcpdump   20   0   10908   6376   5460 S   0,0   0,1   0:00.05 tcpdump
   3528 root      20   0    3960    908    820 S   0,0   0,0   0:00.05 ptp4l
   2678 root      20   0   55140  40352  12988 S   0,0   0,5   0:01.12 poetry
   3518 tcpdump   20   0   10908   6420   5508 S   0,0   0,1   0:00.01 tcpdump
   3523 tcpdump   20   0   10908   6376   5460 S   0,0   0,1   0:00.05 tcpdump
   3528 root      20   0    3960    908    820 S   0,0   0,0   0:00.05 ptp4l
   2678 root      20   0   55140  40352  12988 S   0,0   0,5   0:01.12 poetry
   3518 tcpdump   20   0   10908   6420   5508 S   0,0   0,1   0:00.01 tcpdump
   3523 tcpdump   20   0   10908   6376   5460 S   0,0   0,1   0:00.05 tcpdump
   3528 root      20   0    3960    908    820 S   0,0   0,0   0:00.05 ptp4l
   2678 root      20   0   55140  40352  12988 S   0,0   0,5   0:01.12 poetry
   3518 tcpdump   20   0   10908   6420   5508 S   0,0   0,1   0:00.01 tcpdump
   3523 tcpdump   20   0   10908   6376   5460 S   0,0   0,1   0:00.05 tcpdump
   3528 root      20   0    3960    908    820 S   0,0   0,0   0:00.05 ptp4l
   2678 root      20   0   55140  40352  12988 S   0,0   0,5   0:01.12 poetry
   3518 tcpdump   20   0   10908   6420   5508 S   0,0   0,1   0:00.01 tcpdump
   3523 tcpdump   20   0   10908   6376   5460 S   0,0   0,1   0:00.05 tcpdump
   3528 root      20   0    3960    908    820 S   0,0   0,0   0:00.05 ptp4l
   2678 root      20   0   55140  40352  12988 S   0,0   0,5   0:01.12 poetry
   3518 tcpdump   20   0   10908   6420   5508 S   0,0   0,1   0:00.01 tcpdump
   3523 tcpdump   20   0   10908   6376   5460 S   0,0   0,1   0:00.05 tcpdump
   3528 root      20   0    3960    908    820 S   0,0   0,0   0:00.05 ptp4l
   2678 root      20   0   55140  40352  12988 S   0,0   0,5   0:01.12 poetry
   3518 tcpdump   20   0   10908   6420   5508 S   0,0   0,1   0:00.01 tcpdump
   3523 tcpdump   20   0   10908   6376   5460 S   0,0   0,1   0:00.05 tcpdump
   3528 root      20   0    3960    908    820 S   0,0   0,0   0:00.05 ptp4l
   2678 root      20   0   55140  40352  12988 S   0,0   0,5   0:01.12 poetry
   3518 tcpdump   20   0   10908   6420   5508 S   0,0   0,1   0:00.01 tcpdump
   3523 tcpdump   20   0   10908   6376   5460 S   0,0   0,1   0:00.05 tcpdump
   3528 root      20   0    3960    908    820 S   0,0   0,0   0:00.05 ptp4l
   2678 root      20   0   55140  40352  12988 S   0,0   0,5   0:01.12 poetry
   3518 tcpdump   20   0   10908   6420   5508 S   0,0   0,1   0:00.01 tcpdump
   3523 tcpdump   20   0   10908   6376   5460 S   0,0   0,1   0:00.05 tcpdump
   3528 root      20   0    3960    908    820 S   0,0   0,0   0:00.05 ptp4l
   2678 root      20   0   55140  40352  12988 S   0,0   0,5   0:01.12 poetry
   3518 tcpdump   20   0   10908   6420   5508 S   0,0   0,1   0:00.01 tcpdump
   3523 tcpdump   20   0   10908   6376   5460 S   0,0   0,1   0:00.05 tcpdump
   3528 root      20   0    3960    908    820 S   0,0   0,0   0:00.05 ptp4l
   2678 root      20   0   55140  40352  12988 S   0,0   0,5   0:01.12 poetry
   3518 tcpdump   20   0   10908   6420   5508 S   0,0   0,1   0:00.01 tcpdump
   3523 tcpdump   20   0   10908   6376   5460 S   0,0   0,1   0:00.05 tcpdump
   3528 root      20   0    3960    908    820 S   0,0   0,0   0:00.05 ptp4l
   2678 root      20   0   55140  40352  12988 S   0,0   0,5   0:01.12 poetry
   3518 tcpdump   20   0   10908   6420   5508 S   0,0   0,1   0:00.01 tcpdump
   3523 tcpdump   20   0   10908   6376   5460 S   0,0   0,1   0:00.05 tcpdump
   3528 root      20   0    3960    908    820 S   0,0   0,0   0:00.05 ptp4l
   2678 root      20   0   55140  40352  12988 S   0,0   0,5   0:01.12 poetry
   3518 tcpdump   20   0   10908   6420   5508 S   0,0   0,1   0:00.01 tcpdump
   3523 tcpdump   20   0   10908   6376   5460 S   0,0   0,1   0:00.05 tcpdump
   3528 root      20   0    3960    908    820 S   0,0   0,0   0:00.05 ptp4l
   2678 root      20   0   55140  40352  12988 S   0,0   0,5   0:01.12 poetry
   3518 tcpdump   20   0   10908   6420   5508 S   0,0   0,1   0:00.01 tcpdump
   3523 tcpdump   20   0   10908   6376   5460 S   0,0   0,1   0:00.05 tcpdump
   3528 root      20   0    3960    908    820 S   0,0   0,0   0:00.05 ptp4l
   2678 root      20   0   55140  40352  12988 S   0,0   0,5   0:01.12 poetry
   3518 tcpdump   20   0   10908   6420   5508 S   0,0   0,1   0:00.01 tcpdump
   3523 tcpdump   20   0   10908   6376   5460 S   0,0   0,1   0:00.05 tcpdump
   3528 root      20   0    3960    908    820 S   0,0   0,0   0:00.05 ptp4l
   2678 root      20   0   55140  40352  12988 S   0,0   0,5   0:01.12 poetry
   3518 tcpdump   20   0   10908   6420   5508 S   0,0   0,1   0:00.01 tcpdump
   3523 tcpdump   20   0   10908   6376   5460 S   0,0   0,1   0:00.05 tcpdump
   3528 root      20   0    3960    908    820 S   0,0   0,0   0:00.05 ptp4l
   2678 root      20   0   55140  40352  12988 S   0,0   0,5   0:01.12 poetry
   3518 tcpdump   20   0   10908   6420   5508 S   0,0   0,1   0:00.01 tcpdump
   3523 tcpdump   20   0   10908   6376   5460 S   0,0   0,1   0:00.05 tcpdump
   3528 root      20   0    3960    908    820 S   0,0   0,0   0:00.05 ptp4l
   2678 root      20   0   55140  40352  12988 S   0,0   0,5   0:01.12 poetry
   3518 tcpdump   20   0   10908   6420   5508 S   0,0   0,1   0:00.01 tcpdump
   3523 tcpdump   20   0   10908   6376   5460 S   0,0   0,1   0:00.05 tcpdump
   3528 root      20   0    3960    908    820 S   0,0   0,0   0:00.05 ptp4l
   2678 root      20   0   55140  40352  12988 S   0,0   0,5   0:01.12 poetry
   3518 tcpdump   20   0   10908   6420   5508 S   0,0   0,1   0:00.01 tcpdump
   3523 tcpdump   20   0   10908   6376   5460 S   0,0   0,1   0:00.05 tcpdump
   3528 root      20   0    3960    908    820 S   0,0   0,0   0:00.05 ptp4l
   2678 root      20   0   55140  40352  12988 S   0,0   0,5   0:01.12 poetry
   3518 tcpdump   20   0   10908   6420   5508 S   0,0   0,1   0:00.01 tcpdump
   3523 tcpdump   20   0   10908   6376   5460 S   0,0   0,1   0:00.05 tcpdump
   3528 root      20   0    3960    908    820 S   0,0   0,0   0:00.05 ptp4l
   2678 root      20   0   55140  40352  12988 S   0,0   0,5   0:01.12 poetry
   3518 tcpdump   20   0   10908   6420   5508 S   0,0   0,1   0:00.01 tcpdump
   3523 tcpdump   20   0   10908   6376   5460 S   0,0   0,1   0:00.05 tcpdump
   3528 root      20   0    3960    908    820 S   0,0   0,0   0:00.05 ptp4l
   2678 root      20   0   55140  40352  12988 S   0,0   0,5   0:01.12 poetry
   3518 tcpdump   20   0   10908   6420   5508 S   0,0   0,1   0:00.01 tcpdump
   3523 tcpdump   20   0   10908   6376   5460 S   0,0   0,1   0:00.05 tcpdump
   3528 root      20   0    3960    908    820 S   0,0   0,0   0:00.05 ptp4l
   2678 root      20   0   55140  40352  12988 S   0,0   0,5   0:01.12 poetry
   3518 tcpdump   20   0   10908   6420   5508 S   0,0   0,1   0:00.01 tcpdump
   3523 tcpdump   20   0   10908   6376   5460 S   0,0   0,1   0:00.05 tcpdump
   3528 root      20   0    3960    908    820 S   0,0   0,0   0:00.05 ptp4l
   2678 root      20   0   55140  40352  12988 S   0,0   0,5   0:01.12 poetry
   3518 tcpdump   20   0   10908   6420   5508 S   0,0   0,1   0:00.01 tcpdump
   3523 tcpdump   20   0   10908   6376   5460 S   0,0   0,1   0:00.05 tcpdump
   3528 root      20   0    3960    908    820 S   0,0   0,0   0:00.05 ptp4l
   2678 root      20   0   55140  40352  12988 S   0,0   0,5   0:01.12 poetry
   3518 tcpdump   20   0   10908   6420   5508 S   0,0   0,1   0:00.01 tcpdump
   3523 tcpdump   20   0   10908   6376   5460 S   0,0   0,1   0:00.05 tcpdump
   3528 root      20   0    3960    908    820 S   0,0   0,0   0:00.05 ptp4l
   2678 root      20   0   55140  40352  12988 S   0,0   0,5   0:01.12 poetry
   3518 tcpdump   20   0   10908   6420   5508 S   0,0   0,1   0:00.01 tcpdump
   3523 tcpdump   20   0   10908   6376   5460 S   0,0   0,1   0:00.05 tcpdump
   3528 root      20   0    3960    908    820 S   0,0   0,0   0:00.05 ptp4l
   2678 root      20   0   55140  40352  12988 S   0,0   0,5   0:01.12 poetry
   3518 tcpdump   20   0   10908   6420   5508 S   0,0   0,1   0:00.01 tcpdump
   3523 tcpdump   20   0   10908   6376   5460 S   0,0   0,1   0:00.05 tcpdump
   3528 root      20   0    3960    908    820 S   0,0   0,0   0:00.05 ptp4l
   2678 root      20   0   55140  40352  12988 S   0,0   0,5   0:01.12 poetry
   3518 tcpdump   20   0   10908   6420   5508 S   0,0   0,1   0:00.01 tcpdump
   3523 tcpdump   20   0   10908   6376   5460 S   0,0   0,1   0:00.05 tcpdump
   3528 root      20   0    3960    908    820 S   0,0   0,0   0:00.05 ptp4l
   2678 root      20   0   55140  40352  12988 S   0,0   0,5   0:01.12 poetry
   3518 tcpdump   20   0   10908   6420   5508 S   0,0   0,1   0:00.01 tcpdump
   3523 tcpdump   20   0   10908   6376   5460 S   0,0   0,1   0:00.05 tcpdump
   3528 root      20   0    3960    908    820 S   0,0   0,0   0:00.05 ptp4l
   2678 root      20   0   55140  40352  12988 S   0,0   0,5   0:01.12 poetry
   3518 tcpdump   20   0   10908   6420   5508 S   0,0   0,1   0:00.01 tcpdump
   3523 tcpdump   20   0   10908   6376   5460 S   0,0   0,1   0:00.05 tcpdump
   3528 root      20   0    3960    908    820 S   0,0   0,0   0:00.05 ptp4l
   2678 root      20   0   55140  40352  12988 S   0,0   0,5   0:01.12 poetry
   3518 tcpdump   20   0   10908   6420   5508 S   0,0   0,1   0:00.01 tcpdump
   3523 tcpdump   20   0   10908   6376   5460 S   0,0   0,1   0:00.05 tcpdump
   3528 root      20   0    3960    908    820 S   0,0   0,0   0:00.05 ptp4l
   2678 root      20   0   55140  40352  12988 S   0,0   0,5   0:01.12 poetry
   3518 tcpdump   20   0   10908   6420   5508 S   0,0   0,1   0:00.01 tcpdump
   3523 tcpdump   20   0   10908   6376   5460 S   0,0   0,1   0:00.05 tcpdump
   3528 root      20   0    3960    908    820 S   0,0   0,0   0:00.05 ptp4l
   2678 root      20   0   55140  40352  12988 S   0,0   0,5   0:01.12 poetry
   3518 tcpdump   20   0   10908   6420   5508 S   0,0   0,1   0:00.01 tcpdump
   3523 tcpdump   20   0   10908   6376   5460 S   0,0   0,1   0:00.05 tcpdump
   3528 root      20   0    3960    908    820 S   0,0   0,0   0:00.05 ptp4l
   2678 root      20   0   55140  40352  12988 S   0,0   0,5   0:01.12 poetry
   3518 tcpdump   20   0   10908   6420   5508 S   0,0   0,1   0:00.01 tcpdump
   3523 tcpdump   20   0   10908   6376   5460 S   0,0   0,1   0:00.05 tcpdump
   3528 root      20   0    3960    908    820 S   0,0   0,0   0:00.05 ptp4l
   2678 root      20   0   55140  40352  12988 S   0,0   0,5   0:01.12 poetry
   3518 tcpdump   20   0   10908   6420   5508 S   0,0   0,1   0:00.01 tcpdump
   3523 tcpdump   20   0   10908   6376   5460 S   0,0   0,1   0:00.05 tcpdump
   3528 root      20   0    3960    908    820 S   0,0   0,0   0:00.05 ptp4l
   2678 root      20   0   55140  40352  12988 S   0,0   0,5   0:01.12 poetry
   3518 tcpdump   20   0   10908   6420   5508 S   0,0   0,1   0:00.01 tcpdump
   3523 tcpdump   20   0   10908   6376   5460 S   0,0   0,1   0:00.05 tcpdump
   3528 root      20   0    3960    908    820 S   0,0   0,0   0:00.05 ptp4l
   2678 root      20   0   55140  40352  12988 S   0,0   0,5   0:01.12 poetry
   3518 tcpdump   20   0   10908   6420   5508 S   0,0   0,1   0:00.01 tcpdump
   3523 tcpdump   20   0   10908   6376   5460 S   0,0   0,1   0:00.05 tcpdump
   3528 root      20   0    3960    908    820 S   0,0   0,0   0:00.05 ptp4l
   2678 root      20   0   55140  40352  12988 S   0,0   0,5   0:01.12 poetry
   3518 tcpdump   20   0   10908   6420   5508 S   0,0   0,1   0:00.01 tcpdump
   3523 tcpdump   20   0   10908   6376   5460 S   0,0   0,1   0:00.05 tcpdump
   3528 root      20   0    3960    908    820 S   0,0   0,0   0:00.05 ptp4l
   2678 root      20   0   55140  40352  12988 S   0,0   0,5   0:01.12 poetry
   3518 tcpdump   20   0   10908   6420   5508 S   0,0   0,1   0:00.01 tcpdump
   3523 tcpdump   20   0   10908   6376   5460 S   0,0   0,1   0:00.05 tcpdump
   3528 root      20   0    3960    908    820 S   0,0   0,0   0:00.05 ptp4l
   2678 root      20   0   55140  40352  12988 S   0,0   0,5   0:01.12 poetry
   3518 tcpdump   20   0   10908   6420   5508 S   0,0   0,1   0:00.01 tcpdump
   3523 tcpdump   20   0   10908   6376   5460 S   0,0   0,1   0:00.05 tcpdump
   3528 root      20   0    3960    908    820 S   0,0   0,0   0:00.05 ptp4l
   2678 root      20   0   55140  40352  12988 S   0,0   0,5   0:01.12 poetry
   3518 tcpdump   20   0   10908   6420   5508 S   0,0   0,1   0:00.01 tcpdump
   3523 tcpdump   20   0   10908   6376   5460 S   0,0   0,1   0:00.05 tcpdump
   3528 root      20   0    3960    908    820 S   0,0   0,0   0:00.05 ptp4l
   2678 root      20   0   55140  40352  12988 S   0,0   0,5   0:01.12 poetry
   3518 tcpdump   20   0   10908   6420   5508 S   0,0   0,1   0:00.01 tcpdump
   3523 tcpdump   20   0   10908   6376   5460 S   0,0   0,1   0:00.05 tcpdump
   3528 root      20   0    3960    908    820 S   0,0   0,0   0:00.05 ptp4l
   2678 root      20   0   55140  40352  12988 S   0,0   0,5   0:01.12 poetry
   3518 tcpdump   20   0   10908   6420   5508 S   0,0   0,1   0:00.01 tcpdump
   3523 tcpdump   20   0   10908   6376   5460 S   0,0   0,1   0:00.05 tcpdump
   3528 root      20   0    3960    908    820 S   0,0   0,0   0:00.05 ptp4l
   3528 root      20   0    3960    908    820 S   1,0   0,0   0:00.06 ptp4l
   2678 root      20   0   55140  40352  12988 S   0,0   0,5   0:01.12 poetry
   3518 tcpdump   20   0   10908   6420   5508 S   0,0   0,1   0:00.01 tcpdump
   3523 tcpdump   20   0   10908   6376   5460 S   0,0   0,1   0:00.05 tcpdump
   2678 root      20   0   55140  40352  12988 S   0,0   0,5   0:01.12 poetry
   3518 tcpdump   20   0   10908   6420   5508 S   0,0   0,1   0:00.01 tcpdump
   3523 tcpdump   20   0   10908   6376   5460 S   0,0   0,1   0:00.05 tcpdump
   3528 root      20   0    3960    908    820 S   0,0   0,0   0:00.06 ptp4l
   2678 root      20   0   55140  40352  12988 S   0,0   0,5   0:01.12 poetry
   3518 tcpdump   20   0   10908   6420   5508 S   0,0   0,1   0:00.01 tcpdump
   3523 tcpdump   20   0   10908   6376   5460 S   0,0   0,1   0:00.05 tcpdump
   3528 root      20   0    3960    908    820 S   0,0   0,0   0:00.06 ptp4l
   2678 root      20   0   55140  40352  12988 S   0,0   0,5   0:01.12 poetry
   3518 tcpdump   20   0   10908   6420   5508 S   0,0   0,1   0:00.01 tcpdump
   3523 tcpdump   20   0   10908   6376   5460 S   0,0   0,1   0:00.05 tcpdump
   3528 root      20   0    3960    908    820 S   0,0   0,0   0:00.06 ptp4l
   2678 root      20   0   55140  40352  12988 S   0,0   0,5   0:01.12 poetry
   3518 tcpdump   20   0   10908   6420   5508 S   0,0   0,1   0:00.01 tcpdump
   3523 tcpdump   20   0   10908   6376   5460 S   0,0   0,1   0:00.05 tcpdump
   3528 root      20   0    3960    908    820 S   0,0   0,0   0:00.06 ptp4l
   2678 root      20   0   55140  40352  12988 S   0,0   0,5   0:01.12 poetry
   3518 tcpdump   20   0   10908   6420   5508 S   0,0   0,1   0:00.01 tcpdump
   3523 tcpdump   20   0   10908   6376   5460 S   0,0   0,1   0:00.05 tcpdump
   3528 root      20   0    3960    908    820 S   0,0   0,0   0:00.06 ptp4l
   2678 root      20   0   55140  40352  12988 S   0,0   0,5   0:01.12 poetry
   3518 tcpdump   20   0   10908   6420   5508 S   0,0   0,1   0:00.01 tcpdump
   3523 tcpdump   20   0   10908   6376   5460 S   0,0   0,1   0:00.05 tcpdump
   3528 root      20   0    3960    908    820 S   0,0   0,0   0:00.06 ptp4l
   2678 root      20   0   55140  40352  12988 S   0,0   0,5   0:01.12 poetry
   3518 tcpdump   20   0   10908   6420   5508 S   0,0   0,1   0:00.01 tcpdump
   3523 tcpdump   20   0   10908   6376   5460 S   0,0   0,1   0:00.05 tcpdump
   3528 root      20   0    3960    908    820 S   0,0   0,0   0:00.06 ptp4l
   2678 root      20   0   55140  40352  12988 S   0,0   0,5   0:01.12 poetry
   3518 tcpdump   20   0   10908   6420   5508 S   0,0   0,1   0:00.01 tcpdump
   3523 tcpdump   20   0   10908   6376   5460 S   0,0   0,1   0:00.05 tcpdump
   3528 root      20   0    3960    908    820 S   0,0   0,0   0:00.06 ptp4l
   2678 root      20   0   55140  40352  12988 S   0,0   0,5   0:01.12 poetry
   3518 tcpdump   20   0   10908   6420   5508 S   0,0   0,1   0:00.01 tcpdump
   3523 tcpdump   20   0   10908   6376   5460 S   0,0   0,1   0:00.05 tcpdump
   3528 root      20   0    3960    908    820 S   0,0   0,0   0:00.06 ptp4l
   2678 root      20   0   55140  40352  12988 S   0,0   0,5   0:01.12 poetry
   3518 tcpdump   20   0   10908   6420   5508 S   0,0   0,1   0:00.01 tcpdump
   3523 tcpdump   20   0   10908   6376   5460 S   0,0   0,1   0:00.05 tcpdump
   3528 root      20   0    3960    908    820 S   0,0   0,0   0:00.06 ptp4l
   2678 root      20   0   55140  40352  12988 S   0,0   0,5   0:01.12 poetry
   3518 tcpdump   20   0   10908   6420   5508 S   0,0   0,1   0:00.01 tcpdump
   3523 tcpdump   20   0   10908   6376   5460 S   0,0   0,1   0:00.05 tcpdump
   3528 root      20   0    3960    908    820 S   0,0   0,0   0:00.06 ptp4l
   2678 root      20   0   55140  40352  12988 S   0,0   0,5   0:01.12 poetry
   3518 tcpdump   20   0   10908   6420   5508 S   0,0   0,1   0:00.01 tcpdump
   3523 tcpdump   20   0   10908   6376   5460 S   0,0   0,1   0:00.05 tcpdump
   3528 root      20   0    3960    908    820 S   0,0   0,0   0:00.06 ptp4l
   2678 root      20   0   55140  40352  12988 S   0,0   0,5   0:01.12 poetry
   3518 tcpdump   20   0   10908   6420   5508 S   0,0   0,1   0:00.01 tcpdump
   3523 tcpdump   20   0   10908   6376   5460 S   0,0   0,1   0:00.05 tcpdump
   3528 root      20   0    3960    908    820 S   0,0   0,0   0:00.06 ptp4l
   2678 root      20   0   55140  40352  12988 S   0,0   0,5   0:01.12 poetry
   3518 tcpdump   20   0   10908   6420   5508 S   0,0   0,1   0:00.01 tcpdump
   3523 tcpdump   20   0   10908   6376   5460 S   0,0   0,1   0:00.05 tcpdump
   3528 root      20   0    3960    908    820 S   0,0   0,0   0:00.06 ptp4l
   2678 root      20   0   55140  40352  12988 S   0,0   0,5   0:01.12 poetry
   3518 tcpdump   20   0   10908   6420   5508 S   0,0   0,1   0:00.01 tcpdump
   3523 tcpdump   20   0   10908   6376   5460 S   0,0   0,1   0:00.05 tcpdump
   3528 root      20   0    3960    908    820 S   0,0   0,0   0:00.06 ptp4l
   2678 root      20   0   55140  40352  12988 S   0,0   0,5   0:01.12 poetry
   3518 tcpdump   20   0   10908   6420   5508 S   0,0   0,1   0:00.01 tcpdump
   3523 tcpdump   20   0   10908   6376   5460 S   0,0   0,1   0:00.05 tcpdump
   3528 root      20   0    3960    908    820 S   0,0   0,0   0:00.06 ptp4l
   3528 root      20   0    3960    908    820 S   1,0   0,0   0:00.07 ptp4l
   2678 root      20   0   55140  40352  12988 S   0,0   0,5   0:01.12 poetry
   3518 tcpdump   20   0   10908   6420   5508 S   0,0   0,1   0:00.01 tcpdump
   3523 tcpdump   20   0   10908   6376   5460 S   0,0   0,1   0:00.05 tcpdump
   2678 root      20   0   55140  40352  12988 S   0,0   0,5   0:01.12 poetry
   3518 tcpdump   20   0   10908   6420   5508 S   0,0   0,1   0:00.01 tcpdump
   3523 tcpdump   20   0   10908   6376   5460 S   0,0   0,1   0:00.05 tcpdump
   3528 root      20   0    3960    908    820 S   0,0   0,0   0:00.07 ptp4l
   2678 root      20   0   55140  40352  12988 S   1,0   0,5   0:01.13 poetry
   3518 tcpdump   20   0   10908   6420   5508 S   0,0   0,1   0:00.01 tcpdump
   3523 tcpdump   20   0   10908   6376   5460 S   0,0   0,1   0:00.05 tcpdump
   3528 root      20   0    3960    908    820 S   0,0   0,0   0:00.07 ptp4l
   2678 root      20   0   55140  40352  12988 S   0,0   0,5   0:01.13 poetry
   3518 tcpdump   20   0   10908   6420   5508 S   0,0   0,1   0:00.01 tcpdump
   3523 tcpdump   20   0   10908   6376   5460 S   0,0   0,1   0:00.05 tcpdump
   3528 root      20   0    3960    908    820 S   0,0   0,0   0:00.07 ptp4l
   2678 root      20   0   55140  40352  12988 S   0,0   0,5   0:01.13 poetry
   3518 tcpdump   20   0   10908   6420   5508 S   0,0   0,1   0:00.01 tcpdump
   3523 tcpdump   20   0   10908   6376   5460 S   0,0   0,1   0:00.05 tcpdump
   3528 root      20   0    3960    908    820 S   0,0   0,0   0:00.07 ptp4l
   2678 root      20   0   55140  40352  12988 S   0,0   0,5   0:01.13 poetry
   3518 tcpdump   20   0   10908   6420   5508 S   0,0   0,1   0:00.01 tcpdump
   3523 tcpdump   20   0   10908   6376   5460 S   0,0   0,1   0:00.05 tcpdump
   3528 root      20   0    3960    908    820 S   0,0   0,0   0:00.07 ptp4l
   2678 root      20   0   55140  40352  12988 S   0,0   0,5   0:01.13 poetry
   3518 tcpdump   20   0   10908   6420   5508 S   0,0   0,1   0:00.01 tcpdump
   3523 tcpdump   20   0   10908   6376   5460 S   0,0   0,1   0:00.05 tcpdump
   3528 root      20   0    3960    908    820 S   0,0   0,0   0:00.07 ptp4l
   2678 root      20   0   55140  40352  12988 S   0,0   0,5   0:01.13 poetry
   3518 tcpdump   20   0   10908   6420   5508 S   0,0   0,1   0:00.01 tcpdump
   3523 tcpdump   20   0   10908   6376   5460 S   0,0   0,1   0:00.05 tcpdump
   3528 root      20   0    3960    908    820 S   0,0   0,0   0:00.07 ptp4l
   2678 root      20   0   55140  40352  12988 S   0,0   0,5   0:01.13 poetry
   3518 tcpdump   20   0   10908   6420   5508 S   0,0   0,1   0:00.01 tcpdump
   3523 tcpdump   20   0   10908   6376   5460 S   0,0   0,1   0:00.05 tcpdump
   3528 root      20   0    3960    908    820 S   0,0   0,0   0:00.07 ptp4l
   2678 root      20   0   55140  40352  12988 S   0,0   0,5   0:01.13 poetry
   3518 tcpdump   20   0   10908   6420   5508 S   0,0   0,1   0:00.01 tcpdump
   3523 tcpdump   20   0   10908   6376   5460 S   0,0   0,1   0:00.05 tcpdump
   3528 root      20   0    3960    908    820 S   0,0   0,0   0:00.07 ptp4l
   2678 root      20   0   55140  40352  12988 S   0,0   0,5   0:01.13 poetry
   3518 tcpdump   20   0   10908   6420   5508 S   0,0   0,1   0:00.01 tcpdump
   3523 tcpdump   20   0   10908   6376   5460 S   0,0   0,1   0:00.05 tcpdump
   3528 root      20   0    3960    908    820 S   0,0   0,0   0:00.07 ptp4l
   2678 root      20   0   55140  40352  12988 S   0,0   0,5   0:01.13 poetry
   3518 tcpdump   20   0   10908   6420   5508 S   0,0   0,1   0:00.01 tcpdump
   3523 tcpdump   20   0   10908   6376   5460 S   0,0   0,1   0:00.05 tcpdump
   3528 root      20   0    3960    908    820 S   0,0   0,0   0:00.07 ptp4l
   2678 root      20   0   55140  40352  12988 S   0,0   0,5   0:01.13 poetry
   3518 tcpdump   20   0   10908   6420   5508 S   0,0   0,1   0:00.01 tcpdump
   3523 tcpdump   20   0   10908   6376   5460 S   0,0   0,1   0:00.05 tcpdump
   3528 root      20   0    3960    908    820 S   0,0   0,0   0:00.07 ptp4l
   2678 root      20   0   55140  40352  12988 S   0,0   0,5   0:01.13 poetry
   3518 tcpdump   20   0   10908   6420   5508 S   0,0   0,1   0:00.01 tcpdump
   3523 tcpdump   20   0   10908   6376   5460 S   0,0   0,1   0:00.05 tcpdump
   3528 root      20   0    3960    908    820 S   0,0   0,0   0:00.07 ptp4l
   2678 root      20   0   55140  40352  12988 S   0,0   0,5   0:01.13 poetry
   3518 tcpdump   20   0   10908   6420   5508 S   0,0   0,1   0:00.01 tcpdump
   3523 tcpdump   20   0   10908   6376   5460 S   0,0   0,1   0:00.05 tcpdump
   3528 root      20   0    3960    908    820 S   0,0   0,0   0:00.07 ptp4l
   2678 root      20   0   55140  40352  12988 S   0,0   0,5   0:01.13 poetry
   3518 tcpdump   20   0   10908   6420   5508 S   0,0   0,1   0:00.01 tcpdump
   3523 tcpdump   20   0   10908   6376   5460 S   0,0   0,1   0:00.05 tcpdump
   3528 root      20   0    3960    908    820 S   0,0   0,0   0:00.07 ptp4l
   2678 root      20   0   55140  40352  12988 S   0,0   0,5   0:01.13 poetry
   3518 tcpdump   20   0   10908   6420   5508 S   0,0   0,1   0:00.01 tcpdump
   3523 tcpdump   20   0   10908   6376   5460 S   0,0   0,1   0:00.05 tcpdump
   3528 root      20   0    3960    908    820 S   0,0   0,0   0:00.07 ptp4l
   2678 root      20   0   55140  40352  12988 S   0,0   0,5   0:01.13 poetry
   3518 tcpdump   20   0   10908   6420   5508 S   0,0   0,1   0:00.01 tcpdump
   3523 tcpdump   20   0   10908   6376   5460 S   0,0   0,1   0:00.05 tcpdump
   3528 root      20   0    3960    908    820 S   0,0   0,0   0:00.07 ptp4l
   2678 root      20   0   55140  40352  12988 S   0,0   0,5   0:01.13 poetry
   3518 tcpdump   20   0   10908   6420   5508 S   0,0   0,1   0:00.01 tcpdump
   3523 tcpdump   20   0   10908   6376   5460 S   0,0   0,1   0:00.05 tcpdump
   3528 root      20   0    3960    908    820 S   0,0   0,0   0:00.07 ptp4l
   2678 root      20   0   55140  40352  12988 S   0,0   0,5   0:01.13 poetry
   3518 tcpdump   20   0   10908   6420   5508 S   0,0   0,1   0:00.01 tcpdump
   3523 tcpdump   20   0   10908   6376   5460 S   0,0   0,1   0:00.05 tcpdump
   3528 root      20   0    3960    908    820 S   0,0   0,0   0:00.07 ptp4l
   2678 root      20   0   55140  40352  12988 S   0,0   0,5   0:01.13 poetry
   3518 tcpdump   20   0   10908   6420   5508 S   0,0   0,1   0:00.01 tcpdump
   3523 tcpdump   20   0   10908   6376   5460 S   0,0   0,1   0:00.05 tcpdump
   3528 root      20   0    3960    908    820 S   0,0   0,0   0:00.07 ptp4l
   2678 root      20   0   55140  40352  12988 S   0,0   0,5   0:01.13 poetry
   3518 tcpdump   20   0   10908   6420   5508 S   0,0   0,1   0:00.01 tcpdump
   3523 tcpdump   20   0   10908   6376   5460 S   0,0   0,1   0:00.05 tcpdump
   3528 root      20   0    3960    908    820 S   0,0   0,0   0:00.07 ptp4l
   2678 root      20   0   55140  40352  12988 S   0,0   0,5   0:01.13 poetry
   3518 tcpdump   20   0   10908   6420   5508 S   0,0   0,1   0:00.01 tcpdump
   3523 tcpdump   20   0   10908   6376   5460 S   0,0   0,1   0:00.05 tcpdump
   3528 root      20   0    3960    908    820 S   0,0   0,0   0:00.07 ptp4l
   2678 root      20   0   55140  40352  12988 S   0,0   0,5   0:01.13 poetry
   3518 tcpdump   20   0   10908   6420   5508 S   0,0   0,1   0:00.01 tcpdump
   3523 tcpdump   20   0   10908   6376   5460 S   0,0   0,1   0:00.05 tcpdump
   3528 root      20   0    3960    908    820 S   0,0   0,0   0:00.07 ptp4l
   2678 root      20   0   55140  40352  12988 S   0,0   0,5   0:01.13 poetry
   3518 tcpdump   20   0   10908   6420   5508 S   0,0   0,1   0:00.01 tcpdump
   3523 tcpdump   20   0   10908   6376   5460 S   0,0   0,1   0:00.05 tcpdump
   3528 root      20   0    3960    908    820 S   0,0   0,0   0:00.07 ptp4l
   2678 root      20   0   55140  40352  12988 S   0,0   0,5   0:01.13 poetry
   3518 tcpdump   20   0   10908   6420   5508 S   0,0   0,1   0:00.01 tcpdump
   3523 tcpdump   20   0   10908   6376   5460 S   0,0   0,1   0:00.05 tcpdump
   3528 root      20   0    3960    908    820 S   0,0   0,0   0:00.07 ptp4l
   2678 root      20   0   55140  40352  12988 S   0,0   0,5   0:01.13 poetry
   3518 tcpdump   20   0   10908   6420   5508 S   0,0   0,1   0:00.01 tcpdump
   3523 tcpdump   20   0   10908   6376   5460 S   0,0   0,1   0:00.05 tcpdump
   3528 root      20   0    3960    908    820 S   0,0   0,0   0:00.07 ptp4l
   2678 root      20   0   55140  40352  12988 S   0,0   0,5   0:01.13 poetry
   3518 tcpdump   20   0   10908   6420   5508 S   0,0   0,1   0:00.01 tcpdump
   3523 tcpdump   20   0   10908   6376   5460 S   0,0   0,1   0:00.05 tcpdump
   3528 root      20   0    3960    908    820 S   0,0   0,0   0:00.07 ptp4l
   2678 root      20   0   55140  40352  12988 S   0,0   0,5   0:01.13 poetry
   3518 tcpdump   20   0   10908   6420   5508 S   0,0   0,1   0:00.01 tcpdump
   3523 tcpdump   20   0   10908   6376   5460 S   0,0   0,1   0:00.05 tcpdump
   3528 root      20   0    3960    908    820 S   0,0   0,0   0:00.07 ptp4l
   2678 root      20   0   55140  40352  12988 S   0,0   0,5   0:01.13 poetry
   3518 tcpdump   20   0   10908   6420   5508 S   0,0   0,1   0:00.01 tcpdump
   3523 tcpdump   20   0   10908   6376   5460 S   0,0   0,1   0:00.05 tcpdump
   3528 root      20   0    3960    908    820 S   0,0   0,0   0:00.07 ptp4l
   2678 root      20   0   55140  40352  12988 S   0,0   0,5   0:01.13 poetry
   3518 tcpdump   20   0   10908   6420   5508 S   0,0   0,1   0:00.01 tcpdump
   3523 tcpdump   20   0   10908   6376   5460 S   0,0   0,1   0:00.05 tcpdump
   3528 root      20   0    3960    908    820 S   0,0   0,0   0:00.07 ptp4l
   2678 root      20   0   55140  40352  12988 S   0,0   0,5   0:01.13 poetry
   3518 tcpdump   20   0   10908   6420   5508 S   0,0   0,1   0:00.01 tcpdump
   3523 tcpdump   20   0   10908   6376   5460 S   0,0   0,1   0:00.05 tcpdump
   3528 root      20   0    3960    908    820 S   0,0   0,0   0:00.07 ptp4l
   2678 root      20   0   55140  40352  12988 S   0,0   0,5   0:01.13 poetry
   3518 tcpdump   20   0   10908   6420   5508 S   0,0   0,1   0:00.01 tcpdump
   3523 tcpdump   20   0   10908   6376   5460 S   0,0   0,1   0:00.05 tcpdump
   3528 root      20   0    3960    908    820 S   0,0   0,0   0:00.07 ptp4l
   2678 root      20   0   55140  40352  12988 S   0,0   0,5   0:01.13 poetry
   3518 tcpdump   20   0   10908   6420   5508 S   0,0   0,1   0:00.01 tcpdump
   3523 tcpdump   20   0   10908   6376   5460 S   0,0   0,1   0:00.05 tcpdump
   3528 root      20   0    3960    908    820 S   0,0   0,0   0:00.07 ptp4l
   2678 root      20   0   55140  40352  12988 S   0,0   0,5   0:01.13 poetry
   3518 tcpdump   20   0   10908   6420   5508 S   0,0   0,1   0:00.01 tcpdump
   3523 tcpdump   20   0   10908   6376   5460 S   0,0   0,1   0:00.05 tcpdump
   3528 root      20   0    3960    908    820 S   0,0   0,0   0:00.07 ptp4l
   2678 root      20   0   55140  40352  12988 S   0,0   0,5   0:01.13 poetry
   3518 tcpdump   20   0   10908   6420   5508 S   0,0   0,1   0:00.01 tcpdump
   3523 tcpdump   20   0   10908   6376   5460 S   0,0   0,1   0:00.05 tcpdump
   3528 root      20   0    3960    908    820 S   0,0   0,0   0:00.07 ptp4l
   2678 root      20   0   55140  40352  12988 S   0,0   0,5   0:01.13 poetry
   3518 tcpdump   20   0   10908   6420   5508 S   0,0   0,1   0:00.01 tcpdump
   3523 tcpdump   20   0   10908   6376   5460 S   0,0   0,1   0:00.05 tcpdump
   3528 root      20   0    3960    908    820 S   0,0   0,0   0:00.07 ptp4l
   2678 root      20   0   55140  40352  12988 S   0,0   0,5   0:01.13 poetry
   3518 tcpdump   20   0   10908   6420   5508 S   0,0   0,1   0:00.01 tcpdump
   3523 tcpdump   20   0   10908   6376   5460 S   0,0   0,1   0:00.05 tcpdump
   3528 root      20   0    3960    908    820 S   0,0   0,0   0:00.07 ptp4l
   2678 root      20   0   55140  40352  12988 S   0,0   0,5   0:01.13 poetry
   3518 tcpdump   20   0   10908   6420   5508 S   0,0   0,1   0:00.01 tcpdump
   3523 tcpdump   20   0   10908   6376   5460 S   0,0   0,1   0:00.05 tcpdump
   3528 root      20   0    3960    908    820 S   0,0   0,0   0:00.07 ptp4l
   2678 root      20   0   55140  40352  12988 S   0,0   0,5   0:01.13 poetry
   3518 tcpdump   20   0   10908   6420   5508 S   0,0   0,1   0:00.01 tcpdump
   3523 tcpdump   20   0   10908   6376   5460 S   0,0   0,1   0:00.05 tcpdump
   3528 root      20   0    3960    908    820 S   0,0   0,0   0:00.07 ptp4l
   2678 root      20   0   55140  40352  12988 S   0,0   0,5   0:01.13 poetry
   3518 tcpdump   20   0   10908   6420   5508 S   0,0   0,1   0:00.01 tcpdump
   3523 tcpdump   20   0   10908   6376   5460 S   0,0   0,1   0:00.05 tcpdump
   3528 root      20   0    3960    908    820 S   0,0   0,0   0:00.07 ptp4l
   2678 root      20   0   55140  40352  12988 S   0,0   0,5   0:01.13 poetry
   3518 tcpdump   20   0   10908   6420   5508 S   0,0   0,1   0:00.01 tcpdump
   3523 tcpdump   20   0   10908   6376   5460 S   0,0   0,1   0:00.05 tcpdump
   3528 root      20   0    3960    908    820 S   0,0   0,0   0:00.07 ptp4l
   2678 root      20   0   55140  40352  12988 S   0,0   0,5   0:01.13 poetry
   3518 tcpdump   20   0   10908   6420   5508 S   0,0   0,1   0:00.01 tcpdump
   3523 tcpdump   20   0   10908   6376   5460 S   0,0   0,1   0:00.05 tcpdump
   3528 root      20   0    3960    908    820 S   0,0   0,0   0:00.07 ptp4l
   2678 root      20   0   55140  40352  12988 S   0,0   0,5   0:01.13 poetry
   3518 tcpdump   20   0   10908   6420   5508 S   0,0   0,1   0:00.01 tcpdump
   3523 tcpdump   20   0   10908   6376   5460 S   0,0   0,1   0:00.05 tcpdump
   3528 root      20   0    3960    908    820 S   0,0   0,0   0:00.07 ptp4l
   2678 root      20   0   55140  40352  12988 S   0,0   0,5   0:01.13 poetry
   3518 tcpdump   20   0   10908   6420   5508 S   0,0   0,1   0:00.01 tcpdump
   3523 tcpdump   20   0   10908   6376   5460 S   0,0   0,1   0:00.05 tcpdump
   3528 root      20   0    3960    908    820 S   0,0   0,0   0:00.07 ptp4l
   2678 root      20   0   55140  40352  12988 S   0,0   0,5   0:01.13 poetry
   3518 tcpdump   20   0   10908   6420   5508 S   0,0   0,1   0:00.01 tcpdump
   3523 tcpdump   20   0   10908   6376   5460 S   0,0   0,1   0:00.05 tcpdump
   3528 root      20   0    3960    908    820 S   0,0   0,0   0:00.07 ptp4l
   2678 root      20   0   55140  40352  12988 S   0,0   0,5   0:01.13 poetry
   3518 tcpdump   20   0   10908   6420   5508 S   0,0   0,1   0:00.01 tcpdump
   3523 tcpdump   20   0   10908   6376   5460 S   0,0   0,1   0:00.05 tcpdump
   3528 root      20   0    3960    908    820 S   0,0   0,0   0:00.07 ptp4l
   2678 root      20   0   55140  40352  12988 S   0,0   0,5   0:01.13 poetry
   3518 tcpdump   20   0   10908   6420   5508 S   0,0   0,1   0:00.01 tcpdump
   3523 tcpdump   20   0   10908   6376   5460 S   0,0   0,1   0:00.05 tcpdump
   3528 root      20   0    3960    908    820 S   0,0   0,0   0:00.07 ptp4l
   2678 root      20   0   55140  40352  12988 S   0,0   0,5   0:01.13 poetry
   3518 tcpdump   20   0   10908   6420   5508 S   0,0   0,1   0:00.01 tcpdump
   3523 tcpdump   20   0   10908   6376   5460 S   0,0   0,1   0:00.05 tcpdump
   3528 root      20   0    3960    908    820 S   0,0   0,0   0:00.07 ptp4l
   2678 root      20   0   55140  40352  12988 S   0,0   0,5   0:01.13 poetry
   3518 tcpdump   20   0   10908   6420   5508 S   0,0   0,1   0:00.01 tcpdump
   3523 tcpdump   20   0   10908   6376   5460 S   0,0   0,1   0:00.05 tcpdump
   3528 root      20   0    3960    908    820 S   0,0   0,0   0:00.07 ptp4l
   2678 root      20   0   55140  40352  12988 S   0,0   0,5   0:01.13 poetry
   3518 tcpdump   20   0   10908   6420   5508 S   0,0   0,1   0:00.01 tcpdump
   3523 tcpdump   20   0   10908   6376   5460 S   0,0   0,1   0:00.05 tcpdump
   3528 root      20   0    3960    908    820 S   0,0   0,0   0:00.07 ptp4l
   2678 root      20   0   55140  40352  12988 S   0,0   0,5   0:01.13 poetry
   3518 tcpdump   20   0   10908   6420   5508 S   0,0   0,1   0:00.01 tcpdump
   3523 tcpdump   20   0   10908   6376   5460 S   0,0   0,1   0:00.05 tcpdump
   3528 root      20   0    3960    908    820 S   0,0   0,0   0:00.07 ptp4l
   2678 root      20   0   55140  40352  12988 S   0,0   0,5   0:01.13 poetry
   3518 tcpdump   20   0   10908   6420   5508 S   0,0   0,1   0:00.01 tcpdump
   3523 tcpdump   20   0   10908   6376   5460 S   0,0   0,1   0:00.05 tcpdump
   3528 root      20   0    3960    908    820 S   0,0   0,0   0:00.07 ptp4l
   2678 root      20   0   55140  40352  12988 S   0,0   0,5   0:01.13 poetry
   3518 tcpdump   20   0   10908   6420   5508 S   0,0   0,1   0:00.01 tcpdump
   3523 tcpdump   20   0   10908   6376   5460 S   0,0   0,1   0:00.05 tcpdump
   3528 root      20   0    3960    908    820 S   0,0   0,0   0:00.07 ptp4l
   2678 root      20   0   55140  40352  12988 S   0,0   0,5   0:01.13 poetry
   3518 tcpdump   20   0   10908   6420   5508 S   0,0   0,1   0:00.01 tcpdump
   3523 tcpdump   20   0   10908   6376   5460 S   0,0   0,1   0:00.05 tcpdump
   3528 root      20   0    3960    908    820 S   0,0   0,0   0:00.07 ptp4l
   2678 root      20   0   55140  40352  12988 S   0,0   0,5   0:01.13 poetry
   3518 tcpdump   20   0   10908   6420   5508 S   0,0   0,1   0:00.01 tcpdump
   3523 tcpdump   20   0   10908   6376   5460 S   0,0   0,1   0:00.05 tcpdump
   3528 root      20   0    3960    908    820 S   0,0   0,0   0:00.07 ptp4l
   2678 root      20   0   55140  40352  12988 S   0,0   0,5   0:01.13 poetry
   3518 tcpdump   20   0   10908   6420   5508 S   0,0   0,1   0:00.01 tcpdump
   3523 tcpdump   20   0   10908   6376   5460 S   0,0   0,1   0:00.05 tcpdump
   3528 root      20   0    3960    908    820 S   0,0   0,0   0:00.07 ptp4l
   2678 root      20   0   55140  40352  12988 S   0,0   0,5   0:01.13 poetry
   3518 tcpdump   20   0   10908   6420   5508 S   0,0   0,1   0:00.01 tcpdump
   3523 tcpdump   20   0   10908   6376   5460 S   0,0   0,1   0:00.05 tcpdump
   3528 root      20   0    3960    908    820 S   0,0   0,0   0:00.07 ptp4l
   2678 root      20   0   55140  40352  12988 S   0,0   0,5   0:01.13 poetry
   3518 tcpdump   20   0   10908   6420   5508 S   0,0   0,1   0:00.01 tcpdump
   3523 tcpdump   20   0   10908   6376   5460 S   0,0   0,1   0:00.05 tcpdump
   3528 root      20   0    3960    908    820 S   0,0   0,0   0:00.07 ptp4l
   2678 root      20   0   55140  40352  12988 S   0,0   0,5   0:01.13 poetry
   3518 tcpdump   20   0   10908   6420   5508 S   0,0   0,1   0:00.01 tcpdump
   3523 tcpdump   20   0   10908   6376   5460 S   0,0   0,1   0:00.05 tcpdump
   3528 root      20   0    3960    908    820 S   0,0   0,0   0:00.07 ptp4l
   2678 root      20   0   55140  40352  12988 S   0,0   0,5   0:01.13 poetry
   3518 tcpdump   20   0   10908   6420   5508 S   0,0   0,1   0:00.01 tcpdump
   3523 tcpdump   20   0   10908   6376   5460 S   0,0   0,1   0:00.05 tcpdump
   3528 root      20   0    3960    908    820 S   0,0   0,0   0:00.07 ptp4l
   2678 root      20   0   55140  40352  12988 S   0,0   0,5   0:01.13 poetry
   3518 tcpdump   20   0   10908   6420   5508 S   0,0   0,1   0:00.01 tcpdump
   3523 tcpdump   20   0   10908   6376   5460 S   0,0   0,1   0:00.05 tcpdump
   3528 root      20   0    3960    908    820 S   0,0   0,0   0:00.07 ptp4l
   2678 root      20   0   55140  40352  12988 S   0,0   0,5   0:01.13 poetry
   3518 tcpdump   20   0   10908   6420   5508 S   0,0   0,1   0:00.01 tcpdump
   3523 tcpdump   20   0   10908   6376   5460 S   0,0   0,1   0:00.05 tcpdump
   3528 root      20   0    3960    908    820 S   0,0   0,0   0:00.07 ptp4l
   2678 root      20   0   55140  40352  12988 S   0,0   0,5   0:01.13 poetry
   3518 tcpdump   20   0   10908   6420   5508 S   0,0   0,1   0:00.01 tcpdump
   3523 tcpdump   20   0   10908   6376   5460 S   0,0   0,1   0:00.05 tcpdump
   3528 root      20   0    3960    908    820 S   0,0   0,0   0:00.07 ptp4l
   2678 root      20   0   55140  40352  12988 S   0,0   0,5   0:01.13 poetry
   3518 tcpdump   20   0   10908   6420   5508 S   0,0   0,1   0:00.01 tcpdump
   3523 tcpdump   20   0   10908   6376   5460 S   0,0   0,1   0:00.05 tcpdump
   3528 root      20   0    3960    908    820 S   0,0   0,0   0:00.07 ptp4l
   2678 root      20   0   55140  40352  12988 S   0,0   0,5   0:01.13 poetry
   3518 tcpdump   20   0   10908   6420   5508 S   0,0   0,1   0:00.01 tcpdump
   3523 tcpdump   20   0   10908   6376   5460 S   0,0   0,1   0:00.05 tcpdump
   3528 root      20   0    3960    908    820 S   0,0   0,0   0:00.07 ptp4l
   2678 root      20   0   55140  40352  12988 S   0,0   0,5   0:01.13 poetry
   3518 tcpdump   20   0   10908   6420   5508 S   0,0   0,1   0:00.01 tcpdump
   3523 tcpdump   20   0   10908   6376   5460 S   0,0   0,1   0:00.05 tcpdump
   3528 root      20   0    3960    908    820 S   0,0   0,0   0:00.07 ptp4l
   2678 root      20   0   55140  40352  12988 S   0,0   0,5   0:01.13 poetry
   3518 tcpdump   20   0   10908   6420   5508 S   0,0   0,1   0:00.01 tcpdump
   3523 tcpdump   20   0   10908   6376   5460 S   0,0   0,1   0:00.05 tcpdump
   3528 root      20   0    3960    908    820 S   0,0   0,0   0:00.07 ptp4l
   2678 root      20   0   55140  40352  12988 S   0,0   0,5   0:01.13 poetry
   3518 tcpdump   20   0   10908   6420   5508 S   0,0   0,1   0:00.01 tcpdump
   3523 tcpdump   20   0   10908   6376   5460 S   0,0   0,1   0:00.05 tcpdump
   3528 root      20   0    3960    908    820 S   0,0   0,0   0:00.07 ptp4l
   2678 root      20   0   55140  40352  12988 S   0,0   0,5   0:01.13 poetry
   3518 tcpdump   20   0   10908   6420   5508 S   0,0   0,1   0:00.01 tcpdump
   3523 tcpdump   20   0   10908   6376   5460 S   0,0   0,1   0:00.05 tcpdump
   3528 root      20   0    3960    908    820 S   0,0   0,0   0:00.07 ptp4l
   2678 root      20   0   55140  40352  12988 S   0,0   0,5   0:01.13 poetry
   3518 tcpdump   20   0   10908   6420   5508 S   0,0   0,1   0:00.01 tcpdump
   3523 tcpdump   20   0   10908   6376   5460 S   0,0   0,1   0:00.05 tcpdump
   3528 root      20   0    3960    908    820 S   0,0   0,0   0:00.07 ptp4l
   3528 root      20   0    3960    908    820 S   1,0   0,0   0:00.08 ptp4l
   2678 root      20   0   55140  40352  12988 S   0,0   0,5   0:01.13 poetry
   3518 tcpdump   20   0   10908   6420   5508 S   0,0   0,1   0:00.01 tcpdump
   3523 tcpdump   20   0   10908   6376   5460 S   0,0   0,1   0:00.05 tcpdump
   2678 root      20   0   55140  40352  12988 S   0,0   0,5   0:01.13 poetry
   3518 tcpdump   20   0   10908   6420   5508 S   0,0   0,1   0:00.01 tcpdump
   3523 tcpdump   20   0   10908   6376   5460 S   0,0   0,1   0:00.05 tcpdump
   3528 root      20   0    3960    908    820 S   0,0   0,0   0:00.08 ptp4l
   2678 root      20   0   55140  40352  12988 S   0,0   0,5   0:01.13 poetry
   3518 tcpdump   20   0   10908   6420   5508 S   0,0   0,1   0:00.01 tcpdump
   3523 tcpdump   20   0   10908   6376   5460 S   0,0   0,1   0:00.05 tcpdump
   3528 root      20   0    3960    908    820 S   0,0   0,0   0:00.08 ptp4l
   2678 root      20   0   55140  40352  12988 S   0,0   0,5   0:01.13 poetry
   3518 tcpdump   20   0   10908   6420   5508 S   0,0   0,1   0:00.01 tcpdump
   3523 tcpdump   20   0   10908   6376   5460 S   0,0   0,1   0:00.05 tcpdump
   3528 root      20   0    3960    908    820 S   0,0   0,0   0:00.08 ptp4l
   2678 root      20   0   55140  40352  12988 S   0,0   0,5   0:01.13 poetry
   3518 tcpdump   20   0   10908   6420   5508 S   0,0   0,1   0:00.01 tcpdump
   3523 tcpdump   20   0   10908   6376   5460 S   0,0   0,1   0:00.05 tcpdump
   3528 root      20   0    3960    908    820 S   0,0   0,0   0:00.08 ptp4l
   2678 root      20   0   55140  40352  12988 S   0,0   0,5   0:01.13 poetry
   3518 tcpdump   20   0   10908   6420   5508 S   0,0   0,1   0:00.01 tcpdump
   3523 tcpdump   20   0   10908   6376   5460 S   0,0   0,1   0:00.05 tcpdump
   3528 root      20   0    3960    908    820 S   0,0   0,0   0:00.08 ptp4l
   2678 root      20   0   55140  40352  12988 S   0,0   0,5   0:01.13 poetry
   3518 tcpdump   20   0   10908   6420   5508 S   0,0   0,1   0:00.01 tcpdump
   3523 tcpdump   20   0   10908   6376   5460 S   0,0   0,1   0:00.05 tcpdump
   3528 root      20   0    3960    908    820 S   0,0   0,0   0:00.08 ptp4l
   2678 root      20   0   55140  40352  12988 S   0,0   0,5   0:01.13 poetry
   3518 tcpdump   20   0   10908   6420   5508 S   0,0   0,1   0:00.01 tcpdump
   3523 tcpdump   20   0   10908   6376   5460 S   0,0   0,1   0:00.05 tcpdump
   3528 root      20   0    3960    908    820 S   0,0   0,0   0:00.08 ptp4l
   2678 root      20   0   55140  40352  12988 S   0,0   0,5   0:01.13 poetry
   3518 tcpdump   20   0   10908   6420   5508 S   0,0   0,1   0:00.01 tcpdump
   3523 tcpdump   20   0   10908   6376   5460 S   0,0   0,1   0:00.05 tcpdump
   3528 root      20   0    3960    908    820 S   0,0   0,0   0:00.08 ptp4l
   2678 root      20   0   55140  40352  12988 S   0,0   0,5   0:01.13 poetry
   3518 tcpdump   20   0   10908   6420   5508 S   0,0   0,1   0:00.01 tcpdump
   3523 tcpdump   20   0   10908   6376   5460 S   0,0   0,1   0:00.05 tcpdump
   3528 root      20   0    3960    908    820 S   0,0   0,0   0:00.08 ptp4l
   2678 root      20   0   55140  40352  12988 S   0,0   0,5   0:01.13 poetry
   3518 tcpdump   20   0   10908   6420   5508 S   0,0   0,1   0:00.01 tcpdump
   3523 tcpdump   20   0   10908   6376   5460 S   0,0   0,1   0:00.05 tcpdump
   3528 root      20   0    3960    908    820 S   0,0   0,0   0:00.08 ptp4l
   2678 root      20   0   55140  40352  12988 S   0,0   0,5   0:01.13 poetry
   3518 tcpdump   20   0   10908   6420   5508 S   0,0   0,1   0:00.01 tcpdump
   3523 tcpdump   20   0   10908   6376   5460 S   0,0   0,1   0:00.05 tcpdump
   3528 root      20   0    3960    908    820 S   0,0   0,0   0:00.08 ptp4l
   2678 root      20   0   55140  40352  12988 S   0,0   0,5   0:01.13 poetry
   3518 tcpdump   20   0   10908   6420   5508 S   0,0   0,1   0:00.01 tcpdump
   3523 tcpdump   20   0   10908   6376   5460 S   0,0   0,1   0:00.05 tcpdump
   3528 root      20   0    3960    908    820 S   0,0   0,0   0:00.08 ptp4l
   2678 root      20   0   55140  40352  12988 S   0,0   0,5   0:01.13 poetry
   3518 tcpdump   20   0   10908   6420   5508 S   0,0   0,1   0:00.01 tcpdump
   3523 tcpdump   20   0   10908   6376   5460 S   0,0   0,1   0:00.05 tcpdump
   3528 root      20   0    3960    908    820 S   0,0   0,0   0:00.08 ptp4l
   3518 tcpdump   20   0   10908   6420   5508 S   1,0   0,1   0:00.02 tcpdump
